
> metaverse-client@0.0.0 dev
> vite --port 5173 --host


  VITE v4.5.14  ready in 194 ms

  ➜  Local:   https://localhost:5173/
  ➜  Network: https://192.168.200.106:5173/
  ➜  Network: https://172.17.0.1:5173/
2:49:27 PM [vite] warning: Duplicate key "mapCreatorId" in object literal
148|              mapCreatorId: map.creatorId,
149|              mapCreatedBy: map.createdBy,
150|              mapCreatorId: map.creator?.id,
   |              ^
151|              userId: user?.id,
152|              creatorIdMatch: map.creatorId === user?.id,

  Plugin: vite:esbuild
  File: /home/wh/working/working/mini-area/client/src/pages/MetaverseEdit.jsx
2:49:27 PM [vite] warning: Duplicate key "mapCreatorId" in object literal
162|                mapCreatorId: map.creatorId,
163|                mapCreatedBy: map.createdBy,
164|                mapCreatorId: map.creator?.id,
   |                ^
165|                userId: user?.id,
166|                userName: user?.username

  Plugin: vite:esbuild
  File: /home/wh/working/working/mini-area/client/src/pages/MetaverseEdit.jsx
4:07:57 PM [vite] hmr update /src/components/MetaverseScene.jsx
4:09:25 PM [vite] hmr update /src/components/MetaverseScene.jsx
4:09:54 PM [vite] hmr update /src/components/MetaverseScene.jsx
4:14:00 PM [vite] hmr update /src/components/MetaverseScene.jsx
4:16:19 PM [vite] hmr update /src/components/MetaverseScene.jsx
4:25:11 PM [vite] hmr update /src/components/MetaverseScene.jsx
4:25:50 PM [vite] hmr update /src/components/MetaverseScene.jsx
4:26:15 PM [vite] hmr update /src/components/MetaverseScene.jsx
4:26:45 PM [vite] hmr update /src/components/MetaverseScene.jsx
4:27:06 PM [vite] hmr update /src/components/MetaverseScene.jsx
4:27:29 PM [vite] hmr update /src/components/MetaverseScene.jsx
4:27:46 PM [vite] hmr update /src/components/MetaverseScene.jsx
4:28:15 PM [vite] hmr update /src/components/MetaverseScene.jsx
4:28:29 PM [vite] hmr update /src/components/MetaverseScene.jsx
4:28:55 PM [vite] hmr update /src/components/MetaverseScene.jsx
4:29:00 PM [vite] hmr update /src/components/MetaverseScene.jsx
4:29:06 PM [vite] hmr update /src/components/MetaverseScene.jsx
4:29:37 PM [vite] hmr update /src/components/MetaverseScene.jsx
4:29:59 PM [vite] hmr update /src/components/MetaverseScene.jsx
6:18:22 PM [vite] page reload dist/index.html
6:30:33 PM [vite] hmr update /src/components/MetaverseScene.jsx
6:30:50 PM [vite] hmr update /src/components/MetaverseScene.jsx
6:31:09 PM [vite] page reload dist/index.html
6:39:02 PM [vite] hmr update /src/components/VideoSidebar.jsx
6:39:02 PM [vite] Internal server error: /home/wh/working/working/mini-area/client/src/components/VideoSidebar.jsx: Unterminated JSX contents. (292:10)

  290 |         </button>
  291 |       </div>
> 292 |     </div>
      |           ^
  293 |   );
  294 | };
  295 |
  Plugin: vite:react-babel
  File: /home/wh/working/working/mini-area/client/src/components/VideoSidebar.jsx:292:10
  290|          </button>
  291|        </div>
  292|      </div>
     |            ^
  293|    );
  294|  };
      at constructor (/home/wh/working/working/mini-area/client/node_modules/@babel/parser/lib/index.js:367:19)
      at JSXParserMixin.raise (/home/wh/working/working/mini-area/client/node_modules/@babel/parser/lib/index.js:6627:19)
      at JSXParserMixin.jsxReadToken (/home/wh/working/working/mini-area/client/node_modules/@babel/parser/lib/index.js:4478:20)
      at JSXParserMixin.getTokenFromCode (/home/wh/working/working/mini-area/client/node_modules/@babel/parser/lib/index.js:4804:12)
      at JSXParserMixin.nextToken (/home/wh/working/working/mini-area/client/node_modules/@babel/parser/lib/index.js:5810:10)
      at JSXParserMixin.next (/home/wh/working/working/mini-area/client/node_modules/@babel/parser/lib/index.js:5720:10)
      at JSXParserMixin.eat (/home/wh/working/working/mini-area/client/node_modules/@babel/parser/lib/index.js:5724:12)
      at JSXParserMixin.expect (/home/wh/working/working/mini-area/client/node_modules/@babel/parser/lib/index.js:6926:15)
      at JSXParserMixin.jsxParseClosingElementAt (/home/wh/working/working/mini-area/client/node_modules/@babel/parser/lib/index.js:4710:10)
      at JSXParserMixin.jsxParseElementAt (/home/wh/working/working/mini-area/client/node_modules/@babel/parser/lib/index.js:4725:37)
      at JSXParserMixin.jsxParseElementAt (/home/wh/working/working/mini-area/client/node_modules/@babel/parser/lib/index.js:4728:32)
      at JSXParserMixin.jsxParseElement (/home/wh/working/working/mini-area/client/node_modules/@babel/parser/lib/index.js:4779:17)
      at JSXParserMixin.parseExprAtom (/home/wh/working/working/mini-area/client/node_modules/@babel/parser/lib/index.js:4789:19)
      at JSXParserMixin.parseExprSubscripts (/home/wh/working/working/mini-area/client/node_modules/@babel/parser/lib/index.js:11076:23)
      at JSXParserMixin.parseUpdate (/home/wh/working/working/mini-area/client/node_modules/@babel/parser/lib/index.js:11061:21)
      at JSXParserMixin.parseMaybeUnary (/home/wh/working/working/mini-area/client/node_modules/@babel/parser/lib/index.js:11041:23)
      at JSXParserMixin.parseMaybeUnaryOrPrivate (/home/wh/working/working/mini-area/client/node_modules/@babel/parser/lib/index.js:10894:61)
      at JSXParserMixin.parseExprOps (/home/wh/working/working/mini-area/client/node_modules/@babel/parser/lib/index.js:10899:23)
      at JSXParserMixin.parseMaybeConditional (/home/wh/working/working/mini-area/client/node_modules/@babel/parser/lib/index.js:10876:23)
      at JSXParserMixin.parseMaybeAssign (/home/wh/working/working/mini-area/client/node_modules/@babel/parser/lib/index.js:10826:21)
      at /home/wh/working/working/mini-area/client/node_modules/@babel/parser/lib/index.js:10795:39
      at JSXParserMixin.allowInAnd (/home/wh/working/working/mini-area/client/node_modules/@babel/parser/lib/index.js:12427:12)
      at JSXParserMixin.parseMaybeAssignAllowIn (/home/wh/working/working/mini-area/client/node_modules/@babel/parser/lib/index.js:10795:17)
      at JSXParserMixin.parseMaybeAssignAllowInOrVoidPattern (/home/wh/working/working/mini-area/client/node_modules/@babel/parser/lib/index.js:12494:17)
      at JSXParserMixin.parseParenAndDistinguishExpression (/home/wh/working/working/mini-area/client/node_modules/@babel/parser/lib/index.js:11674:28)
      at JSXParserMixin.parseExprAtom (/home/wh/working/working/mini-area/client/node_modules/@babel/parser/lib/index.js:11326:23)
      at JSXParserMixin.parseExprAtom (/home/wh/working/working/mini-area/client/node_modules/@babel/parser/lib/index.js:4794:20)
      at JSXParserMixin.parseExprSubscripts (/home/wh/working/working/mini-area/client/node_modules/@babel/parser/lib/index.js:11076:23)
      at JSXParserMixin.parseUpdate (/home/wh/working/working/mini-area/client/node_modules/@babel/parser/lib/index.js:11061:21)
      at JSXParserMixin.parseMaybeUnary (/home/wh/working/working/mini-area/client/node_modules/@babel/parser/lib/index.js:11041:23)
      at JSXParserMixin.parseMaybeUnaryOrPrivate (/home/wh/working/working/mini-area/client/node_modules/@babel/parser/lib/index.js:10894:61)
      at JSXParserMixin.parseExprOps (/home/wh/working/working/mini-area/client/node_modules/@babel/parser/lib/index.js:10899:23)
      at JSXParserMixin.parseMaybeConditional (/home/wh/working/working/mini-area/client/node_modules/@babel/parser/lib/index.js:10876:23)
      at JSXParserMixin.parseMaybeAssign (/home/wh/working/working/mini-area/client/node_modules/@babel/parser/lib/index.js:10826:21)
      at JSXParserMixin.parseExpressionBase (/home/wh/working/working/mini-area/client/node_modules/@babel/parser/lib/index.js:10779:23)
      at /home/wh/working/working/mini-area/client/node_modules/@babel/parser/lib/index.js:10775:39
      at JSXParserMixin.allowInAnd (/home/wh/working/working/mini-area/client/node_modules/@babel/parser/lib/index.js:12422:16)
      at JSXParserMixin.parseExpression (/home/wh/working/working/mini-area/client/node_modules/@babel/parser/lib/index.js:10775:17)
      at JSXParserMixin.parseReturnStatement (/home/wh/working/working/mini-area/client/node_modules/@babel/parser/lib/index.js:13142:28)
      at JSXParserMixin.parseStatementContent (/home/wh/working/working/mini-area/client/node_modules/@babel/parser/lib/index.js:12798:21)
      at JSXParserMixin.parseStatementLike (/home/wh/working/working/mini-area/client/node_modules/@babel/parser/lib/index.js:12767:17)
      at JSXParserMixin.parseStatementListItem (/home/wh/working/working/mini-area/client/node_modules/@babel/parser/lib/index.js:12747:17)
      at JSXParserMixin.parseBlockOrModuleBlockBody (/home/wh/working/working/mini-area/client/node_modules/@babel/parser/lib/index.js:13316:61)
      at JSXParserMixin.parseBlockBody (/home/wh/working/working/mini-area/client/node_modules/@babel/parser/lib/index.js:13309:10)
      at JSXParserMixin.parseBlock (/home/wh/working/working/mini-area/client/node_modules/@babel/parser/lib/index.js:13297:10)
      at JSXParserMixin.parseFunctionBody (/home/wh/working/working/mini-area/client/node_modules/@babel/parser/lib/index.js:12101:24)
      at JSXParserMixin.parseArrowExpression (/home/wh/working/working/mini-area/client/node_modules/@babel/parser/lib/index.js:12076:10)
      at JSXParserMixin.parseParenAndDistinguishExpression (/home/wh/working/working/mini-area/client/node_modules/@babel/parser/lib/index.js:11686:12)
      at JSXParserMixin.parseExprAtom (/home/wh/working/working/mini-area/client/node_modules/@babel/parser/lib/index.js:11326:23)
      at JSXParserMixin.parseExprAtom (/home/wh/working/working/mini-area/client/node_modules/@babel/parser/lib/index.js:4794:20)
6:39:02 PM [vite] Internal server error: /home/wh/working/working/mini-area/client/src/components/VideoSidebar.jsx: Unterminated JSX contents. (292:10)

  290 |         </button>
  291 |       </div>
> 292 |     </div>
      |           ^
  293 |   );
  294 | };
  295 |
  Plugin: vite:react-babel
  File: /home/wh/working/working/mini-area/client/src/components/VideoSidebar.jsx:292:10
  290|          </button>
  291|        </div>
  292|      </div>
     |            ^
  293|    );
  294|  };
      at constructor (/home/wh/working/working/mini-area/client/node_modules/@babel/parser/lib/index.js:367:19)
      at JSXParserMixin.raise (/home/wh/working/working/mini-area/client/node_modules/@babel/parser/lib/index.js:6627:19)
      at JSXParserMixin.jsxReadToken (/home/wh/working/working/mini-area/client/node_modules/@babel/parser/lib/index.js:4478:20)
      at JSXParserMixin.getTokenFromCode (/home/wh/working/working/mini-area/client/node_modules/@babel/parser/lib/index.js:4804:12)
      at JSXParserMixin.nextToken (/home/wh/working/working/mini-area/client/node_modules/@babel/parser/lib/index.js:5810:10)
      at JSXParserMixin.next (/home/wh/working/working/mini-area/client/node_modules/@babel/parser/lib/index.js:5720:10)
      at JSXParserMixin.eat (/home/wh/working/working/mini-area/client/node_modules/@babel/parser/lib/index.js:5724:12)
      at JSXParserMixin.expect (/home/wh/working/working/mini-area/client/node_modules/@babel/parser/lib/index.js:6926:15)
      at JSXParserMixin.jsxParseClosingElementAt (/home/wh/working/working/mini-area/client/node_modules/@babel/parser/lib/index.js:4710:10)
      at JSXParserMixin.jsxParseElementAt (/home/wh/working/working/mini-area/client/node_modules/@babel/parser/lib/index.js:4725:37)
      at JSXParserMixin.jsxParseElementAt (/home/wh/working/working/mini-area/client/node_modules/@babel/parser/lib/index.js:4728:32)
      at JSXParserMixin.jsxParseElement (/home/wh/working/working/mini-area/client/node_modules/@babel/parser/lib/index.js:4779:17)
      at JSXParserMixin.parseExprAtom (/home/wh/working/working/mini-area/client/node_modules/@babel/parser/lib/index.js:4789:19)
      at JSXParserMixin.parseExprSubscripts (/home/wh/working/working/mini-area/client/node_modules/@babel/parser/lib/index.js:11076:23)
      at JSXParserMixin.parseUpdate (/home/wh/working/working/mini-area/client/node_modules/@babel/parser/lib/index.js:11061:21)
      at JSXParserMixin.parseMaybeUnary (/home/wh/working/working/mini-area/client/node_modules/@babel/parser/lib/index.js:11041:23)
      at JSXParserMixin.parseMaybeUnaryOrPrivate (/home/wh/working/working/mini-area/client/node_modules/@babel/parser/lib/index.js:10894:61)
      at JSXParserMixin.parseExprOps (/home/wh/working/working/mini-area/client/node_modules/@babel/parser/lib/index.js:10899:23)
      at JSXParserMixin.parseMaybeConditional (/home/wh/working/working/mini-area/client/node_modules/@babel/parser/lib/index.js:10876:23)
      at JSXParserMixin.parseMaybeAssign (/home/wh/working/working/mini-area/client/node_modules/@babel/parser/lib/index.js:10826:21)
      at /home/wh/working/working/mini-area/client/node_modules/@babel/parser/lib/index.js:10795:39
      at JSXParserMixin.allowInAnd (/home/wh/working/working/mini-area/client/node_modules/@babel/parser/lib/index.js:12427:12)
      at JSXParserMixin.parseMaybeAssignAllowIn (/home/wh/working/working/mini-area/client/node_modules/@babel/parser/lib/index.js:10795:17)
      at JSXParserMixin.parseMaybeAssignAllowInOrVoidPattern (/home/wh/working/working/mini-area/client/node_modules/@babel/parser/lib/index.js:12494:17)
      at JSXParserMixin.parseParenAndDistinguishExpression (/home/wh/working/working/mini-area/client/node_modules/@babel/parser/lib/index.js:11674:28)
      at JSXParserMixin.parseExprAtom (/home/wh/working/working/mini-area/client/node_modules/@babel/parser/lib/index.js:11326:23)
      at JSXParserMixin.parseExprAtom (/home/wh/working/working/mini-area/client/node_modules/@babel/parser/lib/index.js:4794:20)
      at JSXParserMixin.parseExprSubscripts (/home/wh/working/working/mini-area/client/node_modules/@babel/parser/lib/index.js:11076:23)
      at JSXParserMixin.parseUpdate (/home/wh/working/working/mini-area/client/node_modules/@babel/parser/lib/index.js:11061:21)
      at JSXParserMixin.parseMaybeUnary (/home/wh/working/working/mini-area/client/node_modules/@babel/parser/lib/index.js:11041:23)
      at JSXParserMixin.parseMaybeUnaryOrPrivate (/home/wh/working/working/mini-area/client/node_modules/@babel/parser/lib/index.js:10894:61)
      at JSXParserMixin.parseExprOps (/home/wh/working/working/mini-area/client/node_modules/@babel/parser/lib/index.js:10899:23)
      at JSXParserMixin.parseMaybeConditional (/home/wh/working/working/mini-area/client/node_modules/@babel/parser/lib/index.js:10876:23)
      at JSXParserMixin.parseMaybeAssign (/home/wh/working/working/mini-area/client/node_modules/@babel/parser/lib/index.js:10826:21)
      at JSXParserMixin.parseExpressionBase (/home/wh/working/working/mini-area/client/node_modules/@babel/parser/lib/index.js:10779:23)
      at /home/wh/working/working/mini-area/client/node_modules/@babel/parser/lib/index.js:10775:39
      at JSXParserMixin.allowInAnd (/home/wh/working/working/mini-area/client/node_modules/@babel/parser/lib/index.js:12422:16)
      at JSXParserMixin.parseExpression (/home/wh/working/working/mini-area/client/node_modules/@babel/parser/lib/index.js:10775:17)
      at JSXParserMixin.parseReturnStatement (/home/wh/working/working/mini-area/client/node_modules/@babel/parser/lib/index.js:13142:28)
      at JSXParserMixin.parseStatementContent (/home/wh/working/working/mini-area/client/node_modules/@babel/parser/lib/index.js:12798:21)
      at JSXParserMixin.parseStatementLike (/home/wh/working/working/mini-area/client/node_modules/@babel/parser/lib/index.js:12767:17)
      at JSXParserMixin.parseStatementListItem (/home/wh/working/working/mini-area/client/node_modules/@babel/parser/lib/index.js:12747:17)
      at JSXParserMixin.parseBlockOrModuleBlockBody (/home/wh/working/working/mini-area/client/node_modules/@babel/parser/lib/index.js:13316:61)
      at JSXParserMixin.parseBlockBody (/home/wh/working/working/mini-area/client/node_modules/@babel/parser/lib/index.js:13309:10)
      at JSXParserMixin.parseBlock (/home/wh/working/working/mini-area/client/node_modules/@babel/parser/lib/index.js:13297:10)
      at JSXParserMixin.parseFunctionBody (/home/wh/working/working/mini-area/client/node_modules/@babel/parser/lib/index.js:12101:24)
      at JSXParserMixin.parseArrowExpression (/home/wh/working/working/mini-area/client/node_modules/@babel/parser/lib/index.js:12076:10)
      at JSXParserMixin.parseParenAndDistinguishExpression (/home/wh/working/working/mini-area/client/node_modules/@babel/parser/lib/index.js:11686:12)
      at JSXParserMixin.parseExprAtom (/home/wh/working/working/mini-area/client/node_modules/@babel/parser/lib/index.js:11326:23)
      at JSXParserMixin.parseExprAtom (/home/wh/working/working/mini-area/client/node_modules/@babel/parser/lib/index.js:4794:20)
6:39:02 PM [vite] Internal server error: /home/wh/working/working/mini-area/client/src/components/VideoSidebar.jsx: Unterminated JSX contents. (292:10)

  290 |         </button>
  291 |       </div>
> 292 |     </div>
      |           ^
  293 |   );
  294 | };
  295 |
  Plugin: vite:react-babel
  File: /home/wh/working/working/mini-area/client/src/components/VideoSidebar.jsx:292:10
  290|          </button>
  291|        </div>
  292|      </div>
     |            ^
  293|    );
  294|  };
      at constructor (/home/wh/working/working/mini-area/client/node_modules/@babel/parser/lib/index.js:367:19)
      at JSXParserMixin.raise (/home/wh/working/working/mini-area/client/node_modules/@babel/parser/lib/index.js:6627:19)
      at JSXParserMixin.jsxReadToken (/home/wh/working/working/mini-area/client/node_modules/@babel/parser/lib/index.js:4478:20)
      at JSXParserMixin.getTokenFromCode (/home/wh/working/working/mini-area/client/node_modules/@babel/parser/lib/index.js:4804:12)
      at JSXParserMixin.nextToken (/home/wh/working/working/mini-area/client/node_modules/@babel/parser/lib/index.js:5810:10)
      at JSXParserMixin.next (/home/wh/working/working/mini-area/client/node_modules/@babel/parser/lib/index.js:5720:10)
      at JSXParserMixin.eat (/home/wh/working/working/mini-area/client/node_modules/@babel/parser/lib/index.js:5724:12)
      at JSXParserMixin.expect (/home/wh/working/working/mini-area/client/node_modules/@babel/parser/lib/index.js:6926:15)
      at JSXParserMixin.jsxParseClosingElementAt (/home/wh/working/working/mini-area/client/node_modules/@babel/parser/lib/index.js:4710:10)
      at JSXParserMixin.jsxParseElementAt (/home/wh/working/working/mini-area/client/node_modules/@babel/parser/lib/index.js:4725:37)
      at JSXParserMixin.jsxParseElementAt (/home/wh/working/working/mini-area/client/node_modules/@babel/parser/lib/index.js:4728:32)
      at JSXParserMixin.jsxParseElement (/home/wh/working/working/mini-area/client/node_modules/@babel/parser/lib/index.js:4779:17)
      at JSXParserMixin.parseExprAtom (/home/wh/working/working/mini-area/client/node_modules/@babel/parser/lib/index.js:4789:19)
      at JSXParserMixin.parseExprSubscripts (/home/wh/working/working/mini-area/client/node_modules/@babel/parser/lib/index.js:11076:23)
      at JSXParserMixin.parseUpdate (/home/wh/working/working/mini-area/client/node_modules/@babel/parser/lib/index.js:11061:21)
      at JSXParserMixin.parseMaybeUnary (/home/wh/working/working/mini-area/client/node_modules/@babel/parser/lib/index.js:11041:23)
      at JSXParserMixin.parseMaybeUnaryOrPrivate (/home/wh/working/working/mini-area/client/node_modules/@babel/parser/lib/index.js:10894:61)
      at JSXParserMixin.parseExprOps (/home/wh/working/working/mini-area/client/node_modules/@babel/parser/lib/index.js:10899:23)
      at JSXParserMixin.parseMaybeConditional (/home/wh/working/working/mini-area/client/node_modules/@babel/parser/lib/index.js:10876:23)
      at JSXParserMixin.parseMaybeAssign (/home/wh/working/working/mini-area/client/node_modules/@babel/parser/lib/index.js:10826:21)
      at /home/wh/working/working/mini-area/client/node_modules/@babel/parser/lib/index.js:10795:39
      at JSXParserMixin.allowInAnd (/home/wh/working/working/mini-area/client/node_modules/@babel/parser/lib/index.js:12427:12)
      at JSXParserMixin.parseMaybeAssignAllowIn (/home/wh/working/working/mini-area/client/node_modules/@babel/parser/lib/index.js:10795:17)
      at JSXParserMixin.parseMaybeAssignAllowInOrVoidPattern (/home/wh/working/working/mini-area/client/node_modules/@babel/parser/lib/index.js:12494:17)
      at JSXParserMixin.parseParenAndDistinguishExpression (/home/wh/working/working/mini-area/client/node_modules/@babel/parser/lib/index.js:11674:28)
      at JSXParserMixin.parseExprAtom (/home/wh/working/working/mini-area/client/node_modules/@babel/parser/lib/index.js:11326:23)
      at JSXParserMixin.parseExprAtom (/home/wh/working/working/mini-area/client/node_modules/@babel/parser/lib/index.js:4794:20)
      at JSXParserMixin.parseExprSubscripts (/home/wh/working/working/mini-area/client/node_modules/@babel/parser/lib/index.js:11076:23)
      at JSXParserMixin.parseUpdate (/home/wh/working/working/mini-area/client/node_modules/@babel/parser/lib/index.js:11061:21)
      at JSXParserMixin.parseMaybeUnary (/home/wh/working/working/mini-area/client/node_modules/@babel/parser/lib/index.js:11041:23)
      at JSXParserMixin.parseMaybeUnaryOrPrivate (/home/wh/working/working/mini-area/client/node_modules/@babel/parser/lib/index.js:10894:61)
      at JSXParserMixin.parseExprOps (/home/wh/working/working/mini-area/client/node_modules/@babel/parser/lib/index.js:10899:23)
      at JSXParserMixin.parseMaybeConditional (/home/wh/working/working/mini-area/client/node_modules/@babel/parser/lib/index.js:10876:23)
      at JSXParserMixin.parseMaybeAssign (/home/wh/working/working/mini-area/client/node_modules/@babel/parser/lib/index.js:10826:21)
      at JSXParserMixin.parseExpressionBase (/home/wh/working/working/mini-area/client/node_modules/@babel/parser/lib/index.js:10779:23)
      at /home/wh/working/working/mini-area/client/node_modules/@babel/parser/lib/index.js:10775:39
      at JSXParserMixin.allowInAnd (/home/wh/working/working/mini-area/client/node_modules/@babel/parser/lib/index.js:12422:16)
      at JSXParserMixin.parseExpression (/home/wh/working/working/mini-area/client/node_modules/@babel/parser/lib/index.js:10775:17)
      at JSXParserMixin.parseReturnStatement (/home/wh/working/working/mini-area/client/node_modules/@babel/parser/lib/index.js:13142:28)
      at JSXParserMixin.parseStatementContent (/home/wh/working/working/mini-area/client/node_modules/@babel/parser/lib/index.js:12798:21)
      at JSXParserMixin.parseStatementLike (/home/wh/working/working/mini-area/client/node_modules/@babel/parser/lib/index.js:12767:17)
      at JSXParserMixin.parseStatementListItem (/home/wh/working/working/mini-area/client/node_modules/@babel/parser/lib/index.js:12747:17)
      at JSXParserMixin.parseBlockOrModuleBlockBody (/home/wh/working/working/mini-area/client/node_modules/@babel/parser/lib/index.js:13316:61)
      at JSXParserMixin.parseBlockBody (/home/wh/working/working/mini-area/client/node_modules/@babel/parser/lib/index.js:13309:10)
      at JSXParserMixin.parseBlock (/home/wh/working/working/mini-area/client/node_modules/@babel/parser/lib/index.js:13297:10)
      at JSXParserMixin.parseFunctionBody (/home/wh/working/working/mini-area/client/node_modules/@babel/parser/lib/index.js:12101:24)
      at JSXParserMixin.parseArrowExpression (/home/wh/working/working/mini-area/client/node_modules/@babel/parser/lib/index.js:12076:10)
      at JSXParserMixin.parseParenAndDistinguishExpression (/home/wh/working/working/mini-area/client/node_modules/@babel/parser/lib/index.js:11686:12)
      at JSXParserMixin.parseExprAtom (/home/wh/working/working/mini-area/client/node_modules/@babel/parser/lib/index.js:11326:23)
      at JSXParserMixin.parseExprAtom (/home/wh/working/working/mini-area/client/node_modules/@babel/parser/lib/index.js:4794:20)
6:39:13 PM [vite] hmr update /src/components/VideoSidebar.jsx
6:39:56 PM [vite] hmr update /src/components/DraggableVideoPanel.jsx
6:39:56 PM [vite] Internal server error: /home/wh/working/working/mini-area/client/src/components/DraggableVideoPanel.jsx: Unterminated JSX contents. (349:10)

  347 |         </div>
  348 |       )}
> 349 |     </div>
      |           ^
  350 |   );
  351 | };
  352 |
  Plugin: vite:react-babel
  File: /home/wh/working/working/mini-area/client/src/components/DraggableVideoPanel.jsx:349:10
  347|          </div>
  348|        )}
  349|      </div>
     |            ^
  350|    );
  351|  };
      at constructor (/home/wh/working/working/mini-area/client/node_modules/@babel/parser/lib/index.js:367:19)
      at JSXParserMixin.raise (/home/wh/working/working/mini-area/client/node_modules/@babel/parser/lib/index.js:6627:19)
      at JSXParserMixin.jsxReadToken (/home/wh/working/working/mini-area/client/node_modules/@babel/parser/lib/index.js:4478:20)
      at JSXParserMixin.getTokenFromCode (/home/wh/working/working/mini-area/client/node_modules/@babel/parser/lib/index.js:4804:12)
      at JSXParserMixin.nextToken (/home/wh/working/working/mini-area/client/node_modules/@babel/parser/lib/index.js:5810:10)
      at JSXParserMixin.next (/home/wh/working/working/mini-area/client/node_modules/@babel/parser/lib/index.js:5720:10)
      at JSXParserMixin.eat (/home/wh/working/working/mini-area/client/node_modules/@babel/parser/lib/index.js:5724:12)
      at JSXParserMixin.expect (/home/wh/working/working/mini-area/client/node_modules/@babel/parser/lib/index.js:6926:15)
      at JSXParserMixin.jsxParseClosingElementAt (/home/wh/working/working/mini-area/client/node_modules/@babel/parser/lib/index.js:4710:10)
      at JSXParserMixin.jsxParseElementAt (/home/wh/working/working/mini-area/client/node_modules/@babel/parser/lib/index.js:4725:37)
      at JSXParserMixin.jsxParseElementAt (/home/wh/working/working/mini-area/client/node_modules/@babel/parser/lib/index.js:4728:32)
      at JSXParserMixin.jsxParseElement (/home/wh/working/working/mini-area/client/node_modules/@babel/parser/lib/index.js:4779:17)
      at JSXParserMixin.parseExprAtom (/home/wh/working/working/mini-area/client/node_modules/@babel/parser/lib/index.js:4789:19)
      at JSXParserMixin.parseExprSubscripts (/home/wh/working/working/mini-area/client/node_modules/@babel/parser/lib/index.js:11076:23)
      at JSXParserMixin.parseUpdate (/home/wh/working/working/mini-area/client/node_modules/@babel/parser/lib/index.js:11061:21)
      at JSXParserMixin.parseMaybeUnary (/home/wh/working/working/mini-area/client/node_modules/@babel/parser/lib/index.js:11041:23)
      at JSXParserMixin.parseMaybeUnaryOrPrivate (/home/wh/working/working/mini-area/client/node_modules/@babel/parser/lib/index.js:10894:61)
      at JSXParserMixin.parseExprOps (/home/wh/working/working/mini-area/client/node_modules/@babel/parser/lib/index.js:10899:23)
      at JSXParserMixin.parseMaybeConditional (/home/wh/working/working/mini-area/client/node_modules/@babel/parser/lib/index.js:10876:23)
      at JSXParserMixin.parseMaybeAssign (/home/wh/working/working/mini-area/client/node_modules/@babel/parser/lib/index.js:10826:21)
      at /home/wh/working/working/mini-area/client/node_modules/@babel/parser/lib/index.js:10795:39
      at JSXParserMixin.allowInAnd (/home/wh/working/working/mini-area/client/node_modules/@babel/parser/lib/index.js:12427:12)
      at JSXParserMixin.parseMaybeAssignAllowIn (/home/wh/working/working/mini-area/client/node_modules/@babel/parser/lib/index.js:10795:17)
      at JSXParserMixin.parseMaybeAssignAllowInOrVoidPattern (/home/wh/working/working/mini-area/client/node_modules/@babel/parser/lib/index.js:12494:17)
      at JSXParserMixin.parseParenAndDistinguishExpression (/home/wh/working/working/mini-area/client/node_modules/@babel/parser/lib/index.js:11674:28)
      at JSXParserMixin.parseExprAtom (/home/wh/working/working/mini-area/client/node_modules/@babel/parser/lib/index.js:11326:23)
      at JSXParserMixin.parseExprAtom (/home/wh/working/working/mini-area/client/node_modules/@babel/parser/lib/index.js:4794:20)
      at JSXParserMixin.parseExprSubscripts (/home/wh/working/working/mini-area/client/node_modules/@babel/parser/lib/index.js:11076:23)
      at JSXParserMixin.parseUpdate (/home/wh/working/working/mini-area/client/node_modules/@babel/parser/lib/index.js:11061:21)
      at JSXParserMixin.parseMaybeUnary (/home/wh/working/working/mini-area/client/node_modules/@babel/parser/lib/index.js:11041:23)
      at JSXParserMixin.parseMaybeUnaryOrPrivate (/home/wh/working/working/mini-area/client/node_modules/@babel/parser/lib/index.js:10894:61)
      at JSXParserMixin.parseExprOps (/home/wh/working/working/mini-area/client/node_modules/@babel/parser/lib/index.js:10899:23)
      at JSXParserMixin.parseMaybeConditional (/home/wh/working/working/mini-area/client/node_modules/@babel/parser/lib/index.js:10876:23)
      at JSXParserMixin.parseMaybeAssign (/home/wh/working/working/mini-area/client/node_modules/@babel/parser/lib/index.js:10826:21)
      at JSXParserMixin.parseExpressionBase (/home/wh/working/working/mini-area/client/node_modules/@babel/parser/lib/index.js:10779:23)
      at /home/wh/working/working/mini-area/client/node_modules/@babel/parser/lib/index.js:10775:39
      at JSXParserMixin.allowInAnd (/home/wh/working/working/mini-area/client/node_modules/@babel/parser/lib/index.js:12422:16)
      at JSXParserMixin.parseExpression (/home/wh/working/working/mini-area/client/node_modules/@babel/parser/lib/index.js:10775:17)
      at JSXParserMixin.parseReturnStatement (/home/wh/working/working/mini-area/client/node_modules/@babel/parser/lib/index.js:13142:28)
      at JSXParserMixin.parseStatementContent (/home/wh/working/working/mini-area/client/node_modules/@babel/parser/lib/index.js:12798:21)
      at JSXParserMixin.parseStatementLike (/home/wh/working/working/mini-area/client/node_modules/@babel/parser/lib/index.js:12767:17)
      at JSXParserMixin.parseStatementListItem (/home/wh/working/working/mini-area/client/node_modules/@babel/parser/lib/index.js:12747:17)
      at JSXParserMixin.parseBlockOrModuleBlockBody (/home/wh/working/working/mini-area/client/node_modules/@babel/parser/lib/index.js:13316:61)
      at JSXParserMixin.parseBlockBody (/home/wh/working/working/mini-area/client/node_modules/@babel/parser/lib/index.js:13309:10)
      at JSXParserMixin.parseBlock (/home/wh/working/working/mini-area/client/node_modules/@babel/parser/lib/index.js:13297:10)
      at JSXParserMixin.parseFunctionBody (/home/wh/working/working/mini-area/client/node_modules/@babel/parser/lib/index.js:12101:24)
      at JSXParserMixin.parseArrowExpression (/home/wh/working/working/mini-area/client/node_modules/@babel/parser/lib/index.js:12076:10)
      at JSXParserMixin.parseParenAndDistinguishExpression (/home/wh/working/working/mini-area/client/node_modules/@babel/parser/lib/index.js:11686:12)
      at JSXParserMixin.parseExprAtom (/home/wh/working/working/mini-area/client/node_modules/@babel/parser/lib/index.js:11326:23)
      at JSXParserMixin.parseExprAtom (/home/wh/working/working/mini-area/client/node_modules/@babel/parser/lib/index.js:4794:20)
6:39:56 PM [vite] Internal server error: /home/wh/working/working/mini-area/client/src/components/DraggableVideoPanel.jsx: Unterminated JSX contents. (349:10)

  347 |         </div>
  348 |       )}
> 349 |     </div>
      |           ^
  350 |   );
  351 | };
  352 |
  Plugin: vite:react-babel
  File: /home/wh/working/working/mini-area/client/src/components/DraggableVideoPanel.jsx:349:10
  347|          </div>
  348|        )}
  349|      </div>
     |            ^
  350|    );
  351|  };
      at constructor (/home/wh/working/working/mini-area/client/node_modules/@babel/parser/lib/index.js:367:19)
      at JSXParserMixin.raise (/home/wh/working/working/mini-area/client/node_modules/@babel/parser/lib/index.js:6627:19)
      at JSXParserMixin.jsxReadToken (/home/wh/working/working/mini-area/client/node_modules/@babel/parser/lib/index.js:4478:20)
      at JSXParserMixin.getTokenFromCode (/home/wh/working/working/mini-area/client/node_modules/@babel/parser/lib/index.js:4804:12)
      at JSXParserMixin.nextToken (/home/wh/working/working/mini-area/client/node_modules/@babel/parser/lib/index.js:5810:10)
      at JSXParserMixin.next (/home/wh/working/working/mini-area/client/node_modules/@babel/parser/lib/index.js:5720:10)
      at JSXParserMixin.eat (/home/wh/working/working/mini-area/client/node_modules/@babel/parser/lib/index.js:5724:12)
      at JSXParserMixin.expect (/home/wh/working/working/mini-area/client/node_modules/@babel/parser/lib/index.js:6926:15)
      at JSXParserMixin.jsxParseClosingElementAt (/home/wh/working/working/mini-area/client/node_modules/@babel/parser/lib/index.js:4710:10)
      at JSXParserMixin.jsxParseElementAt (/home/wh/working/working/mini-area/client/node_modules/@babel/parser/lib/index.js:4725:37)
      at JSXParserMixin.jsxParseElementAt (/home/wh/working/working/mini-area/client/node_modules/@babel/parser/lib/index.js:4728:32)
      at JSXParserMixin.jsxParseElement (/home/wh/working/working/mini-area/client/node_modules/@babel/parser/lib/index.js:4779:17)
      at JSXParserMixin.parseExprAtom (/home/wh/working/working/mini-area/client/node_modules/@babel/parser/lib/index.js:4789:19)
      at JSXParserMixin.parseExprSubscripts (/home/wh/working/working/mini-area/client/node_modules/@babel/parser/lib/index.js:11076:23)
      at JSXParserMixin.parseUpdate (/home/wh/working/working/mini-area/client/node_modules/@babel/parser/lib/index.js:11061:21)
      at JSXParserMixin.parseMaybeUnary (/home/wh/working/working/mini-area/client/node_modules/@babel/parser/lib/index.js:11041:23)
      at JSXParserMixin.parseMaybeUnaryOrPrivate (/home/wh/working/working/mini-area/client/node_modules/@babel/parser/lib/index.js:10894:61)
      at JSXParserMixin.parseExprOps (/home/wh/working/working/mini-area/client/node_modules/@babel/parser/lib/index.js:10899:23)
      at JSXParserMixin.parseMaybeConditional (/home/wh/working/working/mini-area/client/node_modules/@babel/parser/lib/index.js:10876:23)
      at JSXParserMixin.parseMaybeAssign (/home/wh/working/working/mini-area/client/node_modules/@babel/parser/lib/index.js:10826:21)
      at /home/wh/working/working/mini-area/client/node_modules/@babel/parser/lib/index.js:10795:39
      at JSXParserMixin.allowInAnd (/home/wh/working/working/mini-area/client/node_modules/@babel/parser/lib/index.js:12427:12)
      at JSXParserMixin.parseMaybeAssignAllowIn (/home/wh/working/working/mini-area/client/node_modules/@babel/parser/lib/index.js:10795:17)
      at JSXParserMixin.parseMaybeAssignAllowInOrVoidPattern (/home/wh/working/working/mini-area/client/node_modules/@babel/parser/lib/index.js:12494:17)
      at JSXParserMixin.parseParenAndDistinguishExpression (/home/wh/working/working/mini-area/client/node_modules/@babel/parser/lib/index.js:11674:28)
      at JSXParserMixin.parseExprAtom (/home/wh/working/working/mini-area/client/node_modules/@babel/parser/lib/index.js:11326:23)
      at JSXParserMixin.parseExprAtom (/home/wh/working/working/mini-area/client/node_modules/@babel/parser/lib/index.js:4794:20)
      at JSXParserMixin.parseExprSubscripts (/home/wh/working/working/mini-area/client/node_modules/@babel/parser/lib/index.js:11076:23)
      at JSXParserMixin.parseUpdate (/home/wh/working/working/mini-area/client/node_modules/@babel/parser/lib/index.js:11061:21)
      at JSXParserMixin.parseMaybeUnary (/home/wh/working/working/mini-area/client/node_modules/@babel/parser/lib/index.js:11041:23)
      at JSXParserMixin.parseMaybeUnaryOrPrivate (/home/wh/working/working/mini-area/client/node_modules/@babel/parser/lib/index.js:10894:61)
      at JSXParserMixin.parseExprOps (/home/wh/working/working/mini-area/client/node_modules/@babel/parser/lib/index.js:10899:23)
      at JSXParserMixin.parseMaybeConditional (/home/wh/working/working/mini-area/client/node_modules/@babel/parser/lib/index.js:10876:23)
      at JSXParserMixin.parseMaybeAssign (/home/wh/working/working/mini-area/client/node_modules/@babel/parser/lib/index.js:10826:21)
      at JSXParserMixin.parseExpressionBase (/home/wh/working/working/mini-area/client/node_modules/@babel/parser/lib/index.js:10779:23)
      at /home/wh/working/working/mini-area/client/node_modules/@babel/parser/lib/index.js:10775:39
      at JSXParserMixin.allowInAnd (/home/wh/working/working/mini-area/client/node_modules/@babel/parser/lib/index.js:12422:16)
      at JSXParserMixin.parseExpression (/home/wh/working/working/mini-area/client/node_modules/@babel/parser/lib/index.js:10775:17)
      at JSXParserMixin.parseReturnStatement (/home/wh/working/working/mini-area/client/node_modules/@babel/parser/lib/index.js:13142:28)
      at JSXParserMixin.parseStatementContent (/home/wh/working/working/mini-area/client/node_modules/@babel/parser/lib/index.js:12798:21)
      at JSXParserMixin.parseStatementLike (/home/wh/working/working/mini-area/client/node_modules/@babel/parser/lib/index.js:12767:17)
      at JSXParserMixin.parseStatementListItem (/home/wh/working/working/mini-area/client/node_modules/@babel/parser/lib/index.js:12747:17)
      at JSXParserMixin.parseBlockOrModuleBlockBody (/home/wh/working/working/mini-area/client/node_modules/@babel/parser/lib/index.js:13316:61)
      at JSXParserMixin.parseBlockBody (/home/wh/working/working/mini-area/client/node_modules/@babel/parser/lib/index.js:13309:10)
      at JSXParserMixin.parseBlock (/home/wh/working/working/mini-area/client/node_modules/@babel/parser/lib/index.js:13297:10)
      at JSXParserMixin.parseFunctionBody (/home/wh/working/working/mini-area/client/node_modules/@babel/parser/lib/index.js:12101:24)
      at JSXParserMixin.parseArrowExpression (/home/wh/working/working/mini-area/client/node_modules/@babel/parser/lib/index.js:12076:10)
      at JSXParserMixin.parseParenAndDistinguishExpression (/home/wh/working/working/mini-area/client/node_modules/@babel/parser/lib/index.js:11686:12)
      at JSXParserMixin.parseExprAtom (/home/wh/working/working/mini-area/client/node_modules/@babel/parser/lib/index.js:11326:23)
      at JSXParserMixin.parseExprAtom (/home/wh/working/working/mini-area/client/node_modules/@babel/parser/lib/index.js:4794:20)
6:39:56 PM [vite] Internal server error: /home/wh/working/working/mini-area/client/src/components/DraggableVideoPanel.jsx: Unterminated JSX contents. (349:10)

  347 |         </div>
  348 |       )}
> 349 |     </div>
      |           ^
  350 |   );
  351 | };
  352 |
  Plugin: vite:react-babel
  File: /home/wh/working/working/mini-area/client/src/components/DraggableVideoPanel.jsx:349:10
  347|          </div>
  348|        )}
  349|      </div>
     |            ^
  350|    );
  351|  };
      at constructor (/home/wh/working/working/mini-area/client/node_modules/@babel/parser/lib/index.js:367:19)
      at JSXParserMixin.raise (/home/wh/working/working/mini-area/client/node_modules/@babel/parser/lib/index.js:6627:19)
      at JSXParserMixin.jsxReadToken (/home/wh/working/working/mini-area/client/node_modules/@babel/parser/lib/index.js:4478:20)
      at JSXParserMixin.getTokenFromCode (/home/wh/working/working/mini-area/client/node_modules/@babel/parser/lib/index.js:4804:12)
      at JSXParserMixin.nextToken (/home/wh/working/working/mini-area/client/node_modules/@babel/parser/lib/index.js:5810:10)
      at JSXParserMixin.next (/home/wh/working/working/mini-area/client/node_modules/@babel/parser/lib/index.js:5720:10)
      at JSXParserMixin.eat (/home/wh/working/working/mini-area/client/node_modules/@babel/parser/lib/index.js:5724:12)
      at JSXParserMixin.expect (/home/wh/working/working/mini-area/client/node_modules/@babel/parser/lib/index.js:6926:15)
      at JSXParserMixin.jsxParseClosingElementAt (/home/wh/working/working/mini-area/client/node_modules/@babel/parser/lib/index.js:4710:10)
      at JSXParserMixin.jsxParseElementAt (/home/wh/working/working/mini-area/client/node_modules/@babel/parser/lib/index.js:4725:37)
      at JSXParserMixin.jsxParseElementAt (/home/wh/working/working/mini-area/client/node_modules/@babel/parser/lib/index.js:4728:32)
      at JSXParserMixin.jsxParseElement (/home/wh/working/working/mini-area/client/node_modules/@babel/parser/lib/index.js:4779:17)
      at JSXParserMixin.parseExprAtom (/home/wh/working/working/mini-area/client/node_modules/@babel/parser/lib/index.js:4789:19)
      at JSXParserMixin.parseExprSubscripts (/home/wh/working/working/mini-area/client/node_modules/@babel/parser/lib/index.js:11076:23)
      at JSXParserMixin.parseUpdate (/home/wh/working/working/mini-area/client/node_modules/@babel/parser/lib/index.js:11061:21)
      at JSXParserMixin.parseMaybeUnary (/home/wh/working/working/mini-area/client/node_modules/@babel/parser/lib/index.js:11041:23)
      at JSXParserMixin.parseMaybeUnaryOrPrivate (/home/wh/working/working/mini-area/client/node_modules/@babel/parser/lib/index.js:10894:61)
      at JSXParserMixin.parseExprOps (/home/wh/working/working/mini-area/client/node_modules/@babel/parser/lib/index.js:10899:23)
      at JSXParserMixin.parseMaybeConditional (/home/wh/working/working/mini-area/client/node_modules/@babel/parser/lib/index.js:10876:23)
      at JSXParserMixin.parseMaybeAssign (/home/wh/working/working/mini-area/client/node_modules/@babel/parser/lib/index.js:10826:21)
      at /home/wh/working/working/mini-area/client/node_modules/@babel/parser/lib/index.js:10795:39
      at JSXParserMixin.allowInAnd (/home/wh/working/working/mini-area/client/node_modules/@babel/parser/lib/index.js:12427:12)
      at JSXParserMixin.parseMaybeAssignAllowIn (/home/wh/working/working/mini-area/client/node_modules/@babel/parser/lib/index.js:10795:17)
      at JSXParserMixin.parseMaybeAssignAllowInOrVoidPattern (/home/wh/working/working/mini-area/client/node_modules/@babel/parser/lib/index.js:12494:17)
      at JSXParserMixin.parseParenAndDistinguishExpression (/home/wh/working/working/mini-area/client/node_modules/@babel/parser/lib/index.js:11674:28)
      at JSXParserMixin.parseExprAtom (/home/wh/working/working/mini-area/client/node_modules/@babel/parser/lib/index.js:11326:23)
      at JSXParserMixin.parseExprAtom (/home/wh/working/working/mini-area/client/node_modules/@babel/parser/lib/index.js:4794:20)
      at JSXParserMixin.parseExprSubscripts (/home/wh/working/working/mini-area/client/node_modules/@babel/parser/lib/index.js:11076:23)
      at JSXParserMixin.parseUpdate (/home/wh/working/working/mini-area/client/node_modules/@babel/parser/lib/index.js:11061:21)
      at JSXParserMixin.parseMaybeUnary (/home/wh/working/working/mini-area/client/node_modules/@babel/parser/lib/index.js:11041:23)
      at JSXParserMixin.parseMaybeUnaryOrPrivate (/home/wh/working/working/mini-area/client/node_modules/@babel/parser/lib/index.js:10894:61)
      at JSXParserMixin.parseExprOps (/home/wh/working/working/mini-area/client/node_modules/@babel/parser/lib/index.js:10899:23)
      at JSXParserMixin.parseMaybeConditional (/home/wh/working/working/mini-area/client/node_modules/@babel/parser/lib/index.js:10876:23)
      at JSXParserMixin.parseMaybeAssign (/home/wh/working/working/mini-area/client/node_modules/@babel/parser/lib/index.js:10826:21)
      at JSXParserMixin.parseExpressionBase (/home/wh/working/working/mini-area/client/node_modules/@babel/parser/lib/index.js:10779:23)
      at /home/wh/working/working/mini-area/client/node_modules/@babel/parser/lib/index.js:10775:39
      at JSXParserMixin.allowInAnd (/home/wh/working/working/mini-area/client/node_modules/@babel/parser/lib/index.js:12422:16)
      at JSXParserMixin.parseExpression (/home/wh/working/working/mini-area/client/node_modules/@babel/parser/lib/index.js:10775:17)
      at JSXParserMixin.parseReturnStatement (/home/wh/working/working/mini-area/client/node_modules/@babel/parser/lib/index.js:13142:28)
      at JSXParserMixin.parseStatementContent (/home/wh/working/working/mini-area/client/node_modules/@babel/parser/lib/index.js:12798:21)
      at JSXParserMixin.parseStatementLike (/home/wh/working/working/mini-area/client/node_modules/@babel/parser/lib/index.js:12767:17)
      at JSXParserMixin.parseStatementListItem (/home/wh/working/working/mini-area/client/node_modules/@babel/parser/lib/index.js:12747:17)
      at JSXParserMixin.parseBlockOrModuleBlockBody (/home/wh/working/working/mini-area/client/node_modules/@babel/parser/lib/index.js:13316:61)
      at JSXParserMixin.parseBlockBody (/home/wh/working/working/mini-area/client/node_modules/@babel/parser/lib/index.js:13309:10)
      at JSXParserMixin.parseBlock (/home/wh/working/working/mini-area/client/node_modules/@babel/parser/lib/index.js:13297:10)
      at JSXParserMixin.parseFunctionBody (/home/wh/working/working/mini-area/client/node_modules/@babel/parser/lib/index.js:12101:24)
      at JSXParserMixin.parseArrowExpression (/home/wh/working/working/mini-area/client/node_modules/@babel/parser/lib/index.js:12076:10)
      at JSXParserMixin.parseParenAndDistinguishExpression (/home/wh/working/working/mini-area/client/node_modules/@babel/parser/lib/index.js:11686:12)
      at JSXParserMixin.parseExprAtom (/home/wh/working/working/mini-area/client/node_modules/@babel/parser/lib/index.js:11326:23)
      at JSXParserMixin.parseExprAtom (/home/wh/working/working/mini-area/client/node_modules/@babel/parser/lib/index.js:4794:20)
6:40:19 PM [vite] hmr update /src/components/DraggableVideoPanel.jsx
6:40:19 PM [vite] Internal server error: /home/wh/working/working/mini-area/client/src/components/DraggableVideoPanel.jsx: Unterminated JSX contents. (367:10)

  365 |         </div>
  366 |       )}
> 367 |     </div>
      |           ^
  368 |   );
  369 | };
  370 |
  Plugin: vite:react-babel
  File: /home/wh/working/working/mini-area/client/src/components/DraggableVideoPanel.jsx:367:10
  365|          </div>
  366|        )}
  367|      </div>
     |            ^
  368|    );
  369|  };
      at constructor (/home/wh/working/working/mini-area/client/node_modules/@babel/parser/lib/index.js:367:19)
      at JSXParserMixin.raise (/home/wh/working/working/mini-area/client/node_modules/@babel/parser/lib/index.js:6627:19)
      at JSXParserMixin.jsxReadToken (/home/wh/working/working/mini-area/client/node_modules/@babel/parser/lib/index.js:4478:20)
      at JSXParserMixin.getTokenFromCode (/home/wh/working/working/mini-area/client/node_modules/@babel/parser/lib/index.js:4804:12)
      at JSXParserMixin.nextToken (/home/wh/working/working/mini-area/client/node_modules/@babel/parser/lib/index.js:5810:10)
      at JSXParserMixin.next (/home/wh/working/working/mini-area/client/node_modules/@babel/parser/lib/index.js:5720:10)
      at JSXParserMixin.eat (/home/wh/working/working/mini-area/client/node_modules/@babel/parser/lib/index.js:5724:12)
      at JSXParserMixin.expect (/home/wh/working/working/mini-area/client/node_modules/@babel/parser/lib/index.js:6926:15)
      at JSXParserMixin.jsxParseClosingElementAt (/home/wh/working/working/mini-area/client/node_modules/@babel/parser/lib/index.js:4710:10)
      at JSXParserMixin.jsxParseElementAt (/home/wh/working/working/mini-area/client/node_modules/@babel/parser/lib/index.js:4725:37)
      at JSXParserMixin.jsxParseElementAt (/home/wh/working/working/mini-area/client/node_modules/@babel/parser/lib/index.js:4728:32)
      at JSXParserMixin.jsxParseElement (/home/wh/working/working/mini-area/client/node_modules/@babel/parser/lib/index.js:4779:17)
      at JSXParserMixin.parseExprAtom (/home/wh/working/working/mini-area/client/node_modules/@babel/parser/lib/index.js:4789:19)
      at JSXParserMixin.parseExprSubscripts (/home/wh/working/working/mini-area/client/node_modules/@babel/parser/lib/index.js:11076:23)
      at JSXParserMixin.parseUpdate (/home/wh/working/working/mini-area/client/node_modules/@babel/parser/lib/index.js:11061:21)
      at JSXParserMixin.parseMaybeUnary (/home/wh/working/working/mini-area/client/node_modules/@babel/parser/lib/index.js:11041:23)
      at JSXParserMixin.parseMaybeUnaryOrPrivate (/home/wh/working/working/mini-area/client/node_modules/@babel/parser/lib/index.js:10894:61)
      at JSXParserMixin.parseExprOps (/home/wh/working/working/mini-area/client/node_modules/@babel/parser/lib/index.js:10899:23)
      at JSXParserMixin.parseMaybeConditional (/home/wh/working/working/mini-area/client/node_modules/@babel/parser/lib/index.js:10876:23)
      at JSXParserMixin.parseMaybeAssign (/home/wh/working/working/mini-area/client/node_modules/@babel/parser/lib/index.js:10826:21)
      at /home/wh/working/working/mini-area/client/node_modules/@babel/parser/lib/index.js:10795:39
      at JSXParserMixin.allowInAnd (/home/wh/working/working/mini-area/client/node_modules/@babel/parser/lib/index.js:12427:12)
      at JSXParserMixin.parseMaybeAssignAllowIn (/home/wh/working/working/mini-area/client/node_modules/@babel/parser/lib/index.js:10795:17)
      at JSXParserMixin.parseMaybeAssignAllowInOrVoidPattern (/home/wh/working/working/mini-area/client/node_modules/@babel/parser/lib/index.js:12494:17)
      at JSXParserMixin.parseParenAndDistinguishExpression (/home/wh/working/working/mini-area/client/node_modules/@babel/parser/lib/index.js:11674:28)
      at JSXParserMixin.parseExprAtom (/home/wh/working/working/mini-area/client/node_modules/@babel/parser/lib/index.js:11326:23)
      at JSXParserMixin.parseExprAtom (/home/wh/working/working/mini-area/client/node_modules/@babel/parser/lib/index.js:4794:20)
      at JSXParserMixin.parseExprSubscripts (/home/wh/working/working/mini-area/client/node_modules/@babel/parser/lib/index.js:11076:23)
      at JSXParserMixin.parseUpdate (/home/wh/working/working/mini-area/client/node_modules/@babel/parser/lib/index.js:11061:21)
      at JSXParserMixin.parseMaybeUnary (/home/wh/working/working/mini-area/client/node_modules/@babel/parser/lib/index.js:11041:23)
      at JSXParserMixin.parseMaybeUnaryOrPrivate (/home/wh/working/working/mini-area/client/node_modules/@babel/parser/lib/index.js:10894:61)
      at JSXParserMixin.parseExprOps (/home/wh/working/working/mini-area/client/node_modules/@babel/parser/lib/index.js:10899:23)
      at JSXParserMixin.parseMaybeConditional (/home/wh/working/working/mini-area/client/node_modules/@babel/parser/lib/index.js:10876:23)
      at JSXParserMixin.parseMaybeAssign (/home/wh/working/working/mini-area/client/node_modules/@babel/parser/lib/index.js:10826:21)
      at JSXParserMixin.parseExpressionBase (/home/wh/working/working/mini-area/client/node_modules/@babel/parser/lib/index.js:10779:23)
      at /home/wh/working/working/mini-area/client/node_modules/@babel/parser/lib/index.js:10775:39
      at JSXParserMixin.allowInAnd (/home/wh/working/working/mini-area/client/node_modules/@babel/parser/lib/index.js:12422:16)
      at JSXParserMixin.parseExpression (/home/wh/working/working/mini-area/client/node_modules/@babel/parser/lib/index.js:10775:17)
      at JSXParserMixin.parseReturnStatement (/home/wh/working/working/mini-area/client/node_modules/@babel/parser/lib/index.js:13142:28)
      at JSXParserMixin.parseStatementContent (/home/wh/working/working/mini-area/client/node_modules/@babel/parser/lib/index.js:12798:21)
      at JSXParserMixin.parseStatementLike (/home/wh/working/working/mini-area/client/node_modules/@babel/parser/lib/index.js:12767:17)
      at JSXParserMixin.parseStatementListItem (/home/wh/working/working/mini-area/client/node_modules/@babel/parser/lib/index.js:12747:17)
      at JSXParserMixin.parseBlockOrModuleBlockBody (/home/wh/working/working/mini-area/client/node_modules/@babel/parser/lib/index.js:13316:61)
      at JSXParserMixin.parseBlockBody (/home/wh/working/working/mini-area/client/node_modules/@babel/parser/lib/index.js:13309:10)
      at JSXParserMixin.parseBlock (/home/wh/working/working/mini-area/client/node_modules/@babel/parser/lib/index.js:13297:10)
      at JSXParserMixin.parseFunctionBody (/home/wh/working/working/mini-area/client/node_modules/@babel/parser/lib/index.js:12101:24)
      at JSXParserMixin.parseArrowExpression (/home/wh/working/working/mini-area/client/node_modules/@babel/parser/lib/index.js:12076:10)
      at JSXParserMixin.parseParenAndDistinguishExpression (/home/wh/working/working/mini-area/client/node_modules/@babel/parser/lib/index.js:11686:12)
      at JSXParserMixin.parseExprAtom (/home/wh/working/working/mini-area/client/node_modules/@babel/parser/lib/index.js:11326:23)
      at JSXParserMixin.parseExprAtom (/home/wh/working/working/mini-area/client/node_modules/@babel/parser/lib/index.js:4794:20)
6:40:20 PM [vite] Internal server error: /home/wh/working/working/mini-area/client/src/components/DraggableVideoPanel.jsx: Unterminated JSX contents. (367:10)

  365 |         </div>
  366 |       )}
> 367 |     </div>
      |           ^
  368 |   );
  369 | };
  370 |
  Plugin: vite:react-babel
  File: /home/wh/working/working/mini-area/client/src/components/DraggableVideoPanel.jsx:367:10
  365|          </div>
  366|        )}
  367|      </div>
     |            ^
  368|    );
  369|  };
      at constructor (/home/wh/working/working/mini-area/client/node_modules/@babel/parser/lib/index.js:367:19)
      at JSXParserMixin.raise (/home/wh/working/working/mini-area/client/node_modules/@babel/parser/lib/index.js:6627:19)
      at JSXParserMixin.jsxReadToken (/home/wh/working/working/mini-area/client/node_modules/@babel/parser/lib/index.js:4478:20)
      at JSXParserMixin.getTokenFromCode (/home/wh/working/working/mini-area/client/node_modules/@babel/parser/lib/index.js:4804:12)
      at JSXParserMixin.nextToken (/home/wh/working/working/mini-area/client/node_modules/@babel/parser/lib/index.js:5810:10)
      at JSXParserMixin.next (/home/wh/working/working/mini-area/client/node_modules/@babel/parser/lib/index.js:5720:10)
      at JSXParserMixin.eat (/home/wh/working/working/mini-area/client/node_modules/@babel/parser/lib/index.js:5724:12)
      at JSXParserMixin.expect (/home/wh/working/working/mini-area/client/node_modules/@babel/parser/lib/index.js:6926:15)
      at JSXParserMixin.jsxParseClosingElementAt (/home/wh/working/working/mini-area/client/node_modules/@babel/parser/lib/index.js:4710:10)
      at JSXParserMixin.jsxParseElementAt (/home/wh/working/working/mini-area/client/node_modules/@babel/parser/lib/index.js:4725:37)
      at JSXParserMixin.jsxParseElementAt (/home/wh/working/working/mini-area/client/node_modules/@babel/parser/lib/index.js:4728:32)
      at JSXParserMixin.jsxParseElement (/home/wh/working/working/mini-area/client/node_modules/@babel/parser/lib/index.js:4779:17)
      at JSXParserMixin.parseExprAtom (/home/wh/working/working/mini-area/client/node_modules/@babel/parser/lib/index.js:4789:19)
      at JSXParserMixin.parseExprSubscripts (/home/wh/working/working/mini-area/client/node_modules/@babel/parser/lib/index.js:11076:23)
      at JSXParserMixin.parseUpdate (/home/wh/working/working/mini-area/client/node_modules/@babel/parser/lib/index.js:11061:21)
      at JSXParserMixin.parseMaybeUnary (/home/wh/working/working/mini-area/client/node_modules/@babel/parser/lib/index.js:11041:23)
      at JSXParserMixin.parseMaybeUnaryOrPrivate (/home/wh/working/working/mini-area/client/node_modules/@babel/parser/lib/index.js:10894:61)
      at JSXParserMixin.parseExprOps (/home/wh/working/working/mini-area/client/node_modules/@babel/parser/lib/index.js:10899:23)
      at JSXParserMixin.parseMaybeConditional (/home/wh/working/working/mini-area/client/node_modules/@babel/parser/lib/index.js:10876:23)
      at JSXParserMixin.parseMaybeAssign (/home/wh/working/working/mini-area/client/node_modules/@babel/parser/lib/index.js:10826:21)
      at /home/wh/working/working/mini-area/client/node_modules/@babel/parser/lib/index.js:10795:39
      at JSXParserMixin.allowInAnd (/home/wh/working/working/mini-area/client/node_modules/@babel/parser/lib/index.js:12427:12)
      at JSXParserMixin.parseMaybeAssignAllowIn (/home/wh/working/working/mini-area/client/node_modules/@babel/parser/lib/index.js:10795:17)
      at JSXParserMixin.parseMaybeAssignAllowInOrVoidPattern (/home/wh/working/working/mini-area/client/node_modules/@babel/parser/lib/index.js:12494:17)
      at JSXParserMixin.parseParenAndDistinguishExpression (/home/wh/working/working/mini-area/client/node_modules/@babel/parser/lib/index.js:11674:28)
      at JSXParserMixin.parseExprAtom (/home/wh/working/working/mini-area/client/node_modules/@babel/parser/lib/index.js:11326:23)
      at JSXParserMixin.parseExprAtom (/home/wh/working/working/mini-area/client/node_modules/@babel/parser/lib/index.js:4794:20)
      at JSXParserMixin.parseExprSubscripts (/home/wh/working/working/mini-area/client/node_modules/@babel/parser/lib/index.js:11076:23)
      at JSXParserMixin.parseUpdate (/home/wh/working/working/mini-area/client/node_modules/@babel/parser/lib/index.js:11061:21)
      at JSXParserMixin.parseMaybeUnary (/home/wh/working/working/mini-area/client/node_modules/@babel/parser/lib/index.js:11041:23)
      at JSXParserMixin.parseMaybeUnaryOrPrivate (/home/wh/working/working/mini-area/client/node_modules/@babel/parser/lib/index.js:10894:61)
      at JSXParserMixin.parseExprOps (/home/wh/working/working/mini-area/client/node_modules/@babel/parser/lib/index.js:10899:23)
      at JSXParserMixin.parseMaybeConditional (/home/wh/working/working/mini-area/client/node_modules/@babel/parser/lib/index.js:10876:23)
      at JSXParserMixin.parseMaybeAssign (/home/wh/working/working/mini-area/client/node_modules/@babel/parser/lib/index.js:10826:21)
      at JSXParserMixin.parseExpressionBase (/home/wh/working/working/mini-area/client/node_modules/@babel/parser/lib/index.js:10779:23)
      at /home/wh/working/working/mini-area/client/node_modules/@babel/parser/lib/index.js:10775:39
      at JSXParserMixin.allowInAnd (/home/wh/working/working/mini-area/client/node_modules/@babel/parser/lib/index.js:12422:16)
      at JSXParserMixin.parseExpression (/home/wh/working/working/mini-area/client/node_modules/@babel/parser/lib/index.js:10775:17)
      at JSXParserMixin.parseReturnStatement (/home/wh/working/working/mini-area/client/node_modules/@babel/parser/lib/index.js:13142:28)
      at JSXParserMixin.parseStatementContent (/home/wh/working/working/mini-area/client/node_modules/@babel/parser/lib/index.js:12798:21)
      at JSXParserMixin.parseStatementLike (/home/wh/working/working/mini-area/client/node_modules/@babel/parser/lib/index.js:12767:17)
      at JSXParserMixin.parseStatementListItem (/home/wh/working/working/mini-area/client/node_modules/@babel/parser/lib/index.js:12747:17)
      at JSXParserMixin.parseBlockOrModuleBlockBody (/home/wh/working/working/mini-area/client/node_modules/@babel/parser/lib/index.js:13316:61)
      at JSXParserMixin.parseBlockBody (/home/wh/working/working/mini-area/client/node_modules/@babel/parser/lib/index.js:13309:10)
      at JSXParserMixin.parseBlock (/home/wh/working/working/mini-area/client/node_modules/@babel/parser/lib/index.js:13297:10)
      at JSXParserMixin.parseFunctionBody (/home/wh/working/working/mini-area/client/node_modules/@babel/parser/lib/index.js:12101:24)
      at JSXParserMixin.parseArrowExpression (/home/wh/working/working/mini-area/client/node_modules/@babel/parser/lib/index.js:12076:10)
      at JSXParserMixin.parseParenAndDistinguishExpression (/home/wh/working/working/mini-area/client/node_modules/@babel/parser/lib/index.js:11686:12)
      at JSXParserMixin.parseExprAtom (/home/wh/working/working/mini-area/client/node_modules/@babel/parser/lib/index.js:11326:23)
      at JSXParserMixin.parseExprAtom (/home/wh/working/working/mini-area/client/node_modules/@babel/parser/lib/index.js:4794:20)
6:40:20 PM [vite] Internal server error: /home/wh/working/working/mini-area/client/src/components/DraggableVideoPanel.jsx: Unterminated JSX contents. (367:10)

  365 |         </div>
  366 |       )}
> 367 |     </div>
      |           ^
  368 |   );
  369 | };
  370 |
  Plugin: vite:react-babel
  File: /home/wh/working/working/mini-area/client/src/components/DraggableVideoPanel.jsx:367:10
  365|          </div>
  366|        )}
  367|      </div>
     |            ^
  368|    );
  369|  };
      at constructor (/home/wh/working/working/mini-area/client/node_modules/@babel/parser/lib/index.js:367:19)
      at JSXParserMixin.raise (/home/wh/working/working/mini-area/client/node_modules/@babel/parser/lib/index.js:6627:19)
      at JSXParserMixin.jsxReadToken (/home/wh/working/working/mini-area/client/node_modules/@babel/parser/lib/index.js:4478:20)
      at JSXParserMixin.getTokenFromCode (/home/wh/working/working/mini-area/client/node_modules/@babel/parser/lib/index.js:4804:12)
      at JSXParserMixin.nextToken (/home/wh/working/working/mini-area/client/node_modules/@babel/parser/lib/index.js:5810:10)
      at JSXParserMixin.next (/home/wh/working/working/mini-area/client/node_modules/@babel/parser/lib/index.js:5720:10)
      at JSXParserMixin.eat (/home/wh/working/working/mini-area/client/node_modules/@babel/parser/lib/index.js:5724:12)
      at JSXParserMixin.expect (/home/wh/working/working/mini-area/client/node_modules/@babel/parser/lib/index.js:6926:15)
      at JSXParserMixin.jsxParseClosingElementAt (/home/wh/working/working/mini-area/client/node_modules/@babel/parser/lib/index.js:4710:10)
      at JSXParserMixin.jsxParseElementAt (/home/wh/working/working/mini-area/client/node_modules/@babel/parser/lib/index.js:4725:37)
      at JSXParserMixin.jsxParseElementAt (/home/wh/working/working/mini-area/client/node_modules/@babel/parser/lib/index.js:4728:32)
      at JSXParserMixin.jsxParseElement (/home/wh/working/working/mini-area/client/node_modules/@babel/parser/lib/index.js:4779:17)
      at JSXParserMixin.parseExprAtom (/home/wh/working/working/mini-area/client/node_modules/@babel/parser/lib/index.js:4789:19)
      at JSXParserMixin.parseExprSubscripts (/home/wh/working/working/mini-area/client/node_modules/@babel/parser/lib/index.js:11076:23)
      at JSXParserMixin.parseUpdate (/home/wh/working/working/mini-area/client/node_modules/@babel/parser/lib/index.js:11061:21)
      at JSXParserMixin.parseMaybeUnary (/home/wh/working/working/mini-area/client/node_modules/@babel/parser/lib/index.js:11041:23)
      at JSXParserMixin.parseMaybeUnaryOrPrivate (/home/wh/working/working/mini-area/client/node_modules/@babel/parser/lib/index.js:10894:61)
      at JSXParserMixin.parseExprOps (/home/wh/working/working/mini-area/client/node_modules/@babel/parser/lib/index.js:10899:23)
      at JSXParserMixin.parseMaybeConditional (/home/wh/working/working/mini-area/client/node_modules/@babel/parser/lib/index.js:10876:23)
      at JSXParserMixin.parseMaybeAssign (/home/wh/working/working/mini-area/client/node_modules/@babel/parser/lib/index.js:10826:21)
      at /home/wh/working/working/mini-area/client/node_modules/@babel/parser/lib/index.js:10795:39
      at JSXParserMixin.allowInAnd (/home/wh/working/working/mini-area/client/node_modules/@babel/parser/lib/index.js:12427:12)
      at JSXParserMixin.parseMaybeAssignAllowIn (/home/wh/working/working/mini-area/client/node_modules/@babel/parser/lib/index.js:10795:17)
      at JSXParserMixin.parseMaybeAssignAllowInOrVoidPattern (/home/wh/working/working/mini-area/client/node_modules/@babel/parser/lib/index.js:12494:17)
      at JSXParserMixin.parseParenAndDistinguishExpression (/home/wh/working/working/mini-area/client/node_modules/@babel/parser/lib/index.js:11674:28)
      at JSXParserMixin.parseExprAtom (/home/wh/working/working/mini-area/client/node_modules/@babel/parser/lib/index.js:11326:23)
      at JSXParserMixin.parseExprAtom (/home/wh/working/working/mini-area/client/node_modules/@babel/parser/lib/index.js:4794:20)
      at JSXParserMixin.parseExprSubscripts (/home/wh/working/working/mini-area/client/node_modules/@babel/parser/lib/index.js:11076:23)
      at JSXParserMixin.parseUpdate (/home/wh/working/working/mini-area/client/node_modules/@babel/parser/lib/index.js:11061:21)
      at JSXParserMixin.parseMaybeUnary (/home/wh/working/working/mini-area/client/node_modules/@babel/parser/lib/index.js:11041:23)
      at JSXParserMixin.parseMaybeUnaryOrPrivate (/home/wh/working/working/mini-area/client/node_modules/@babel/parser/lib/index.js:10894:61)
      at JSXParserMixin.parseExprOps (/home/wh/working/working/mini-area/client/node_modules/@babel/parser/lib/index.js:10899:23)
      at JSXParserMixin.parseMaybeConditional (/home/wh/working/working/mini-area/client/node_modules/@babel/parser/lib/index.js:10876:23)
      at JSXParserMixin.parseMaybeAssign (/home/wh/working/working/mini-area/client/node_modules/@babel/parser/lib/index.js:10826:21)
      at JSXParserMixin.parseExpressionBase (/home/wh/working/working/mini-area/client/node_modules/@babel/parser/lib/index.js:10779:23)
      at /home/wh/working/working/mini-area/client/node_modules/@babel/parser/lib/index.js:10775:39
      at JSXParserMixin.allowInAnd (/home/wh/working/working/mini-area/client/node_modules/@babel/parser/lib/index.js:12422:16)
      at JSXParserMixin.parseExpression (/home/wh/working/working/mini-area/client/node_modules/@babel/parser/lib/index.js:10775:17)
      at JSXParserMixin.parseReturnStatement (/home/wh/working/working/mini-area/client/node_modules/@babel/parser/lib/index.js:13142:28)
      at JSXParserMixin.parseStatementContent (/home/wh/working/working/mini-area/client/node_modules/@babel/parser/lib/index.js:12798:21)
      at JSXParserMixin.parseStatementLike (/home/wh/working/working/mini-area/client/node_modules/@babel/parser/lib/index.js:12767:17)
      at JSXParserMixin.parseStatementListItem (/home/wh/working/working/mini-area/client/node_modules/@babel/parser/lib/index.js:12747:17)
      at JSXParserMixin.parseBlockOrModuleBlockBody (/home/wh/working/working/mini-area/client/node_modules/@babel/parser/lib/index.js:13316:61)
      at JSXParserMixin.parseBlockBody (/home/wh/working/working/mini-area/client/node_modules/@babel/parser/lib/index.js:13309:10)
      at JSXParserMixin.parseBlock (/home/wh/working/working/mini-area/client/node_modules/@babel/parser/lib/index.js:13297:10)
      at JSXParserMixin.parseFunctionBody (/home/wh/working/working/mini-area/client/node_modules/@babel/parser/lib/index.js:12101:24)
      at JSXParserMixin.parseArrowExpression (/home/wh/working/working/mini-area/client/node_modules/@babel/parser/lib/index.js:12076:10)
      at JSXParserMixin.parseParenAndDistinguishExpression (/home/wh/working/working/mini-area/client/node_modules/@babel/parser/lib/index.js:11686:12)
      at JSXParserMixin.parseExprAtom (/home/wh/working/working/mini-area/client/node_modules/@babel/parser/lib/index.js:11326:23)
      at JSXParserMixin.parseExprAtom (/home/wh/working/working/mini-area/client/node_modules/@babel/parser/lib/index.js:4794:20)
6:40:29 PM [vite] hmr update /src/components/DraggableVideoPanel.jsx
