[2025-09-07 22:31:36] PostgreSQL 시작 실패
[2025-09-08 01:06:11] PostgreSQL 시작 실패
[2025-09-08 01:06:54] PostgreSQL 시작 실패
[2025-09-08 01:07:44] PostgreSQL 시작 실패
[2025-09-08 01:07:52] PostgreSQL 시작 실패
[2025-09-08 01:20:26] Redis 시작 실패
[2025-09-08 01:23:33] PostgreSQL 시작 실패
[2025-09-08 01:23:41] PostgreSQL 시작 실패
[2025-09-08 01:50:55] PostgreSQL 시작 실패
[2025-09-08 02:32:03] PostgreSQL 시작 실패
[2025-09-08 02:32:07] PostgreSQL 시작 실패
[2025-09-08 02:34:21] PostgreSQL 시작 실패
[2025-09-08 03:00:17] PostgreSQL 시작 실패
[2025-09-08 03:00:37] PostgreSQL 시작 실패
[2025-09-08 03:00:50] PostgreSQL 시작 실패
[2025-09-08 03:01:05] 사용법: ./miniarea.sh db [start|stop|setup|backup|restore]
[2025-09-08 03:01:24] PostgreSQL 시작 실패
[2025-09-08 03:02:00] PostgreSQL 시작 실패
[2025-09-08 03:04:08] PostgreSQL 시작 실패
[2025-09-08 03:07:13] PostgreSQL 시작 실패
[2025-09-08 03:07:17] PostgreSQL 시작 실패
[2025-09-08 03:27:15] Redis 시작 실패
[2025-09-08 13:26:15] 클라이언트 시작 실패
[2025-09-10 05:25:13] Janus Gateway 시작 실패
