[2025-09-08 02:58:44] [INFO] 명령 실행: ./miniarea.sh 
[2025-09-08 03:00:11] [INFO] PostgreSQL 시작 중...
[2025-09-08 03:00:17] [ERROR] PostgreSQL 시작 실패
[2025-09-08 03:00:24] [INFO] 명령 실행: ./miniarea.sh 
[2025-09-08 03:00:35] [INFO] PostgreSQL 시작 중...
[2025-09-08 03:00:37] [ERROR] PostgreSQL 시작 실패
[2025-09-08 03:00:42] [INFO] PostgreSQL 시작 중...
[2025-09-08 03:00:42] [SUCCESS] PostgreSQL이 이미 실행 중입니다
[2025-09-08 03:00:42] [INFO] 명령 실행: ./miniarea.sh db start
[2025-09-08 03:00:48] [INFO] PostgreSQL 시작 중...
[2025-09-08 03:00:50] [ERROR] PostgreSQL 시작 실패
[2025-09-08 03:01:05] [ERROR] 사용법: ./miniarea.sh db [start|stop|setup|backup|restore]
[2025-09-08 03:01:05] [INFO] 명령 실행: ./miniarea.sh db restart
[2025-09-08 03:01:16] [INFO] PostgreSQL 시작 중...
[2025-09-08 03:01:16] [SUCCESS] PostgreSQL이 이미 실행 중입니다
[2025-09-08 03:01:16] [INFO] 명령 실행: ./miniarea.sh db start
[2025-09-08 03:01:22] [INFO] PostgreSQL 시작 중...
[2025-09-08 03:01:24] [ERROR] PostgreSQL 시작 실패
[2025-09-08 03:01:33] [INFO] React 클라이언트 중지 중...
[2025-09-08 03:01:58] [INFO] PostgreSQL 시작 중...
[2025-09-08 03:02:00] [ERROR] PostgreSQL 시작 실패
[2025-09-08 03:04:06] [INFO] PostgreSQL 시작 중...
[2025-09-08 03:04:08] [ERROR] PostgreSQL 시작 실패
[2025-09-08 03:05:01] [INFO] PostgreSQL 시작 중...
[2025-09-08 03:06:57] [INFO] React 클라이언트 중지 중...
[2025-09-08 03:07:09] [INFO] PostgreSQL 시작 중...
[2025-09-08 03:07:13] [ERROR] PostgreSQL 시작 실패
[2025-09-08 03:07:15] [INFO] PostgreSQL 시작 중...
[2025-09-08 03:07:17] [ERROR] PostgreSQL 시작 실패
[2025-09-08 03:27:11] [INFO] 데이터베이스는 ./db.sh start 명령으로 시작하세요
[2025-09-08 03:27:11] [INFO] Redis 시작 중...
[2025-09-08 03:27:15] [ERROR] Redis 시작 실패
[2025-09-08 13:25:53] [INFO] 명령 실행: ./miniarea.sh 
[2025-09-08 13:26:07] [INFO] 데이터베이스와 Redis는 ./db-redis.sh all-start 명령으로 시작하세요
[2025-09-08 13:26:07] [INFO] Janus Gateway 시작 중...
[2025-09-08 13:26:07] [SUCCESS] Janus Gateway가 이미 실행 중입니다
[2025-09-08 13:26:07] [INFO] Node.js 서버 시작 중...
[2025-09-08 13:26:10] [SUCCESS] 서버 시작 완료 (PID: 16933)
[2025-09-08 13:26:10] [INFO] 서버 URL: https://localhost:7000
[2025-09-08 13:26:10] [INFO] React 클라이언트 시작 중...
[2025-09-08 13:26:15] [ERROR] 클라이언트 시작 실패
[2025-09-08 13:28:11] [INFO] 데이터베이스와 Redis는 ./db-redis.sh all-start 명령으로 시작하세요
[2025-09-08 13:28:11] [INFO] Janus Gateway 시작 중...
[2025-09-08 13:28:11] [SUCCESS] Janus Gateway가 이미 실행 중입니다
[2025-09-08 13:28:11] [INFO] Node.js 서버 시작 중...
[2025-09-08 13:28:14] [SUCCESS] 서버 시작 완료 (PID: 18396)
[2025-09-08 13:28:14] [INFO] 서버 URL: https://localhost:7000
[2025-09-08 13:28:14] [INFO] React 클라이언트 시작 중...
[2025-09-08 13:28:19] [SUCCESS] 클라이언트 시작 완료 (PID: 18439)
[2025-09-08 13:28:19] [INFO] 클라이언트 URL: https://localhost:5173
[2025-09-08 13:28:19] [INFO] 명령 실행: ./miniarea.sh start
[2025-09-08 13:29:20] [INFO] React 클라이언트 중지 중...
[2025-09-08 13:29:20] [SUCCESS] 클라이언트 중지 완료
[2025-09-08 13:29:20] [INFO] Node.js 서버 중지 중...
[2025-09-08 13:29:20] [SUCCESS] 서버 프로세스 정리 완료
[2025-09-08 13:29:20] [INFO] Janus Gateway 중지 중...
[2025-09-08 13:29:21] [SUCCESS] Janus Gateway 중지 완료
[2025-09-08 13:29:21] [INFO] 데이터베이스와 Redis는 ./db-redis.sh all-stop 명령으로 중지하세요
[2025-09-08 13:29:21] [SUCCESS] 모든 서비스가 중지되었습니다
[2025-09-08 13:29:24] [INFO] 데이터베이스와 Redis는 ./db-redis.sh all-start 명령으로 시작하세요
[2025-09-08 13:29:24] [INFO] Janus Gateway 시작 중...
[2025-09-08 13:29:28] [SUCCESS] Janus Gateway 시작 완료
[2025-09-08 13:29:28] [INFO] Janus WebSocket: ws://192.168.200.106:8188
[2025-09-08 13:29:28] [INFO] Node.js 서버 시작 중...
[2025-09-08 13:29:31] [SUCCESS] 서버 시작 완료 (PID: 20461)
[2025-09-08 13:29:31] [INFO] 서버 URL: https://localhost:7000
[2025-09-08 13:29:31] [INFO] React 클라이언트 시작 중...
[2025-09-08 13:29:36] [SUCCESS] 클라이언트 시작 완료 (PID: 20784)
[2025-09-08 13:29:36] [INFO] 클라이언트 URL: https://localhost:5173
[2025-09-08 13:29:36] [INFO] 명령 실행: ./miniarea.sh restart
[2025-09-08 13:34:48] [INFO] React 클라이언트 중지 중...
[2025-09-08 13:34:48] [SUCCESS] 클라이언트 중지 완료
[2025-09-08 13:34:48] [INFO] Node.js 서버 중지 중...
[2025-09-08 13:34:50] [SUCCESS] 서버 중지 완료
[2025-09-08 13:34:50] [INFO] Janus Gateway 중지 중...
[2025-09-08 13:34:51] [SUCCESS] Janus Gateway 중지 완료
[2025-09-08 13:34:51] [INFO] 데이터베이스와 Redis는 ./db-redis.sh all-stop 명령으로 중지하세요
[2025-09-08 13:34:51] [SUCCESS] 모든 서비스가 중지되었습니다
[2025-09-08 13:34:51] [INFO] 명령 실행: ./miniarea.sh stop
[2025-09-08 13:34:54] [INFO] 데이터베이스와 Redis는 ./db-redis.sh all-start 명령으로 시작하세요
[2025-09-08 13:34:54] [INFO] Janus Gateway 시작 중...
[2025-09-08 13:34:58] [SUCCESS] Janus Gateway 시작 완료
[2025-09-08 13:34:58] [INFO] Janus WebSocket: ws://192.168.200.106:8188
[2025-09-08 13:34:58] [INFO] Node.js 서버 시작 중...
[2025-09-08 13:35:01] [SUCCESS] 서버 시작 완료 (PID: 27175)
[2025-09-08 13:35:01] [INFO] 서버 URL: https://localhost:7000
[2025-09-08 13:35:01] [INFO] React 클라이언트 시작 중...
[2025-09-08 13:35:06] [SUCCESS] 클라이언트 시작 완료 (PID: 27232)
[2025-09-08 13:35:06] [INFO] 클라이언트 URL: https://localhost:5173
[2025-09-08 13:35:06] [INFO] 명령 실행: ./miniarea.sh start
[2025-09-08 13:51:27] [INFO] React 클라이언트 중지 중...
[2025-09-08 13:51:27] [SUCCESS] 클라이언트 중지 완료
[2025-09-08 13:51:27] [INFO] Node.js 서버 중지 중...
[2025-09-08 13:51:29] [SUCCESS] 서버 중지 완료
[2025-09-08 13:51:29] [INFO] Janus Gateway 중지 중...
[2025-09-08 13:51:30] [SUCCESS] Janus Gateway 중지 완료
[2025-09-08 13:51:30] [INFO] 데이터베이스와 Redis는 ./db-redis.sh all-stop 명령으로 중지하세요
[2025-09-08 13:51:30] [SUCCESS] 모든 서비스가 중지되었습니다
[2025-09-08 13:51:33] [INFO] 데이터베이스와 Redis는 ./db-redis.sh all-start 명령으로 시작하세요
[2025-09-08 13:51:33] [INFO] Janus Gateway 시작 중...
[2025-09-08 13:51:37] [SUCCESS] Janus Gateway 시작 완료
[2025-09-08 13:51:37] [INFO] Janus WebSocket: ws://192.168.200.106:8188
[2025-09-08 13:51:37] [INFO] Node.js 서버 시작 중...
[2025-09-08 13:51:40] [SUCCESS] 서버 시작 완료 (PID: 39139)
[2025-09-08 13:51:40] [INFO] 서버 URL: https://localhost:7000
[2025-09-08 13:51:40] [INFO] React 클라이언트 시작 중...
[2025-09-08 13:51:45] [SUCCESS] 클라이언트 시작 완료 (PID: 39182)
[2025-09-08 13:51:45] [INFO] 클라이언트 URL: https://localhost:5173
[2025-09-08 13:51:45] [INFO] 명령 실행: ./miniarea.sh restart
