[2025-09-07 22:31:16] [INFO] 1단계: 시스템 요구사항 확인
[2025-09-07 22:31:16] [INFO] 시스템 요구사항 확인 중...
[2025-09-07 22:31:16] [SUCCESS] 운영체제: Linux
[2025-09-07 22:31:16] [SUCCESS] 메모리: 31563MB
[2025-09-07 22:31:16] [SUCCESS] 디스크 공간: 15565MB
[2025-09-07 22:31:16] [SUCCESS] git: 설치됨
[2025-09-07 22:31:16] [SUCCESS] curl: 설치됨
[2025-09-07 22:31:16] [SUCCESS] wget: 설치됨
[2025-09-07 22:31:16] [SUCCESS] tar: 설치됨
[2025-09-07 22:31:16] [SUCCESS] make: 설치됨
[2025-09-07 22:31:16] [INFO] 2단계: 필수 프로그램 설치
[2025-09-07 22:31:16] [INFO] Node.js 설치 확인 중...
[2025-09-07 22:31:16] [SUCCESS] Node.js 설치됨: v22.17.1
[2025-09-07 22:31:16] [SUCCESS] npm 설치됨: v10.9.2
[2025-09-07 22:31:16] [INFO] PostgreSQL 설치 확인 중...
[2025-09-07 22:31:16] [SUCCESS] PostgreSQL 설치됨: 16.9
[2025-09-07 22:31:16] [INFO] Redis 설치 확인 중...
[2025-09-07 22:31:16] [SUCCESS] Redis 설치됨: 7.0.15
[2025-09-07 22:31:16] [INFO] Docker 설치 확인 중...
[2025-09-07 22:31:16] [SUCCESS] Docker 설치됨: 27.5.1
[2025-09-07 22:31:16] [SUCCESS] Docker Compose 설치됨: version
[2025-09-07 22:31:16] [INFO] 3단계: 프로젝트 의존성 설치
[2025-09-07 22:31:16] [INFO] npm 패키지 설치 중...
[2025-09-07 22:31:16] [INFO] 서버 패키지 설치 중...
[2025-09-07 22:31:17] [SUCCESS] 서버 패키지 설치 완료
[2025-09-07 22:31:17] [INFO] 클라이언트 패키지 설치 중...
[2025-09-07 22:31:18] [SUCCESS] 클라이언트 패키지 설치 완료
[2025-09-07 22:31:18] [INFO] 4단계: 환경 설정
[2025-09-07 22:31:32] [SUCCESS] 환경 설정 완료
[2025-09-07 22:31:32] [INFO] 5단계: 데이터베이스 초기화
[2025-09-07 22:31:32] [INFO] 데이터베이스 설정 중...
[2025-09-07 22:31:32] [WARNING] PostgreSQL이 실행 중이지 않습니다. 시작 중...
[2025-09-07 22:31:32] [INFO] PostgreSQL 시작 중...
[2025-09-07 22:31:36] [ERROR] PostgreSQL 시작 실패
[2025-09-08 01:05:59] [INFO] 명령 실행: ./mini-area-manager.sh 
[2025-09-08 01:06:07] [INFO] PostgreSQL 시작 중...
[2025-09-08 01:06:11] [ERROR] PostgreSQL 시작 실패
[2025-09-08 01:06:27] [INFO] 명령 실행: ./mini-area-manager.sh 
[2025-09-08 01:06:52] [INFO] PostgreSQL 시작 중...
[2025-09-08 01:06:54] [ERROR] PostgreSQL 시작 실패
[2025-09-08 01:07:02] [INFO] 명령 실행: ./mini-area-manager.sh doctor
[2025-09-08 01:07:33] [INFO] 명령 실행: ./mini-area-manager.sh 
[2025-09-08 01:07:42] [INFO] PostgreSQL 시작 중...
[2025-09-08 01:07:44] [ERROR] PostgreSQL 시작 실패
[2025-09-08 01:07:49] [INFO] PostgreSQL 시작 중...
[2025-09-08 01:07:52] [ERROR] PostgreSQL 시작 실패
[2025-09-08 01:07:58] [INFO] PostgreSQL 시작 중...
[2025-09-08 01:07:58] [SUCCESS] PostgreSQL이 이미 실행 중입니다
[2025-09-08 01:07:58] [INFO] 명령 실행: ./mini-area-manager.sh start-db
[2025-09-08 01:08:06] [INFO] PostgreSQL 시작 중...
[2025-09-08 01:08:06] [SUCCESS] PostgreSQL이 이미 실행 중입니다
[2025-09-08 01:08:06] [INFO] Redis 시작 중...
[2025-09-08 01:08:07] [SUCCESS] Redis가 이미 실행 중입니다
[2025-09-08 01:08:07] [INFO] Janus Gateway 시작 중...
[2025-09-08 01:08:07] [SUCCESS] Janus Gateway가 이미 실행 중입니다
[2025-09-08 01:08:07] [INFO] Node.js 서버 시작 중...
[2025-09-08 01:08:10] [SUCCESS] 서버 시작 완료 (PID: 17832)
[2025-09-08 01:08:10] [INFO] 서버 URL: https://localhost:7000
[2025-09-08 01:08:10] [INFO] React 클라이언트 시작 중...
[2025-09-08 01:08:15] [SUCCESS] 클라이언트 시작 완료 (PID: 18336)
[2025-09-08 01:08:15] [INFO] 클라이언트 URL: https://localhost:5173
[2025-09-08 01:08:15] [INFO] 명령 실행: ./mini-area-manager.sh start
[2025-09-08 01:19:13] [INFO] 명령 실행: ./mini-area-manager.sh 
[2025-09-08 01:19:31] [INFO] 디렉토리 생성 및 권한 수정 중...
[2025-09-08 01:19:40] [INFO] 명령 실행: ./mini-area-manager.sh 
[2025-09-08 01:19:43] [INFO] 연결 테스트 중...
[2025-09-08 01:19:44] [INFO] 명령 실행: ./mini-area-manager.sh test
[2025-09-08 01:19:48] [INFO] 명령 실행: ./mini-area-manager.sh 
[2025-09-08 01:20:25] [INFO] Redis 시작 중...
[2025-09-08 01:20:26] [ERROR] Redis 시작 실패
[2025-09-08 01:20:32] [INFO] Redis 시작 중...
[2025-09-08 01:20:32] [SUCCESS] Redis가 이미 실행 중입니다
[2025-09-08 01:20:32] [INFO] 명령 실행: ./mini-area-manager.sh start-redis
[2025-09-08 01:20:41] [INFO] PostgreSQL 시작 중...
[2025-09-08 01:20:41] [SUCCESS] PostgreSQL이 이미 실행 중입니다
[2025-09-08 01:20:41] [INFO] 명령 실행: ./mini-area-manager.sh start-db
[2025-09-08 01:21:20] [INFO] React 클라이언트 중지 중...
[2025-09-08 01:21:21] [INFO] 클라이언트가 실행 중이지 않습니다
[2025-09-08 01:21:21] [INFO] Node.js 서버 중지 중...
[2025-09-08 01:21:23] [SUCCESS] 서버 중지 완료
[2025-09-08 01:21:23] [INFO] Janus Gateway 중지 중...
[2025-09-08 01:21:24] [SUCCESS] Janus Gateway 중지 완료
[2025-09-08 01:21:24] [INFO] Redis 중지 중...
[2025-09-08 01:21:24] [SUCCESS] Redis 중지 완료
[2025-09-08 01:21:24] [INFO] PostgreSQL 중지 중...
[2025-09-08 01:21:24] [SUCCESS] PostgreSQL 중지 완료
[2025-09-08 01:21:24] [SUCCESS] 모든 서비스가 중지되었습니다
[2025-09-08 01:21:27] [INFO] PostgreSQL 시작 중...
[2025-09-08 01:21:31] [SUCCESS] PostgreSQL 시작 완료
[2025-09-08 01:21:31] [INFO] Redis 시작 중...
[2025-09-08 01:21:32] [SUCCESS] Redis 시작 완료
[2025-09-08 01:21:32] [INFO] Janus Gateway 시작 중...
[2025-09-08 01:21:36] [SUCCESS] Janus Gateway 시작 완료
[2025-09-08 01:21:36] [INFO] Janus WebSocket: ws://192.168.200.106:8188
[2025-09-08 01:21:36] [INFO] Node.js 서버 시작 중...
[2025-09-08 01:21:39] [SUCCESS] 서버 시작 완료 (PID: 31568)
[2025-09-08 01:21:39] [INFO] 서버 URL: https://localhost:7000
[2025-09-08 01:21:39] [INFO] React 클라이언트 시작 중...
[2025-09-08 01:21:44] [SUCCESS] 클라이언트 시작 완료 (PID: 31623)
[2025-09-08 01:21:44] [INFO] 클라이언트 URL: https://localhost:5173
[2025-09-08 01:21:44] [INFO] 명령 실행: ./mini-area-manager.sh restart
[2025-09-08 01:21:21] [INFO] PostgreSQL 시작 중...
[2025-09-08 01:23:33] [ERROR] PostgreSQL 시작 실패
[2025-09-08 01:23:39] [INFO] PostgreSQL 시작 중...
[2025-09-08 01:23:41] [ERROR] PostgreSQL 시작 실패
[2025-09-08 01:23:47] [INFO] PostgreSQL 시작 중...
[2025-09-08 01:23:48] [SUCCESS] PostgreSQL이 이미 실행 중입니다
[2025-09-08 01:23:48] [INFO] 명령 실행: ./mini-area-manager.sh start-db
[2025-09-08 01:23:59] [INFO] PostgreSQL 시작 중...
[2025-09-08 01:23:59] [SUCCESS] PostgreSQL이 이미 실행 중입니다
[2025-09-08 01:23:59] [INFO] Redis 시작 중...
[2025-09-08 01:23:59] [SUCCESS] Redis가 이미 실행 중입니다
[2025-09-08 01:23:59] [INFO] Janus Gateway 시작 중...
[2025-09-08 01:23:59] [SUCCESS] Janus Gateway가 이미 실행 중입니다
[2025-09-08 01:23:59] [INFO] Node.js 서버 시작 중...
[2025-09-08 01:24:02] [SUCCESS] 서버 시작 완료 (PID: 13791)
[2025-09-08 01:24:02] [INFO] 서버 URL: https://localhost:7000
[2025-09-08 01:24:02] [INFO] React 클라이언트 시작 중...
[2025-09-08 01:24:07] [SUCCESS] 클라이언트 시작 완료 (PID: 13858)
[2025-09-08 01:24:07] [INFO] 클라이언트 URL: https://localhost:5173
[2025-09-08 01:24:07] [INFO] 명령 실행: ./mini-area-manager.sh start
[2025-09-08 01:27:00] [INFO] 명령 실행: ./mini-area-manager.sh client start
[2025-09-08 01:27:08] [INFO] React 클라이언트 시작 중...
[2025-09-08 01:27:08] [SUCCESS] 클라이언트가 이미 실행 중입니다 (PID: 13858)
[2025-09-08 01:27:08] [INFO] 명령 실행: ./mini-area-manager.sh start-client
[2025-09-08 01:39:01] [INFO] 디렉토리 생성 및 권한 수정 중...
[2025-09-08 01:50:17] [INFO] React 클라이언트 중지 중...
[2025-09-08 01:50:51] [INFO] PostgreSQL 시작 중...
[2025-09-08 01:50:55] [ERROR] PostgreSQL 시작 실패
[2025-09-08 01:51:14] [INFO] PostgreSQL 시작 중...
[2025-09-08 01:51:14] [SUCCESS] PostgreSQL이 이미 실행 중입니다
[2025-09-08 01:51:14] [INFO] 명령 실행: ./mini-area-manager.sh start-db
[2025-09-08 01:51:20] [INFO] PostgreSQL 시작 중...
[2025-09-08 01:51:20] [SUCCESS] PostgreSQL이 이미 실행 중입니다
[2025-09-08 01:51:20] [INFO] Redis 시작 중...
[2025-09-08 01:51:20] [SUCCESS] Redis가 이미 실행 중입니다
[2025-09-08 01:51:20] [INFO] Janus Gateway 시작 중...
[2025-09-08 01:51:23] [SUCCESS] Janus Gateway 시작 완료
[2025-09-08 01:51:23] [INFO] Janus WebSocket: ws://192.168.200.106:8188
[2025-09-08 01:51:23] [INFO] Node.js 서버 시작 중...
[2025-09-08 01:51:23] [SUCCESS] 서버가 이미 실행 중입니다 (PID: 13791)
[2025-09-08 01:51:23] [INFO] React 클라이언트 시작 중...
[2025-09-08 01:51:23] [SUCCESS] 클라이언트가 이미 실행 중입니다 (PID: 13858)
[2025-09-08 01:51:23] [INFO] 명령 실행: ./mini-area-manager.sh start
[2025-09-08 02:19:16] [INFO] 명령 실행: ./mini-area-manager.sh status
[2025-09-08 02:20:23] [INFO] 명령 실행: ./mini-area-manager.sh 
[2025-09-08 02:20:38] [INFO] PostgreSQL 시작 중...
[2025-09-08 02:20:38] [SUCCESS] PostgreSQL이 이미 실행 중입니다
[2025-09-08 02:20:38] [INFO] 명령 실행: ./mini-area-manager.sh start-db
[2025-09-08 02:20:46] [INFO] 명령 실행: ./mini-area-manager.sh stopdb
[2025-09-08 02:20:50] [INFO] 명령 실행: ./mini-area-manager.sh stopdb
[2025-09-08 02:20:56] [INFO] PostgreSQL 중지 중...
[2025-09-08 02:20:56] [SUCCESS] PostgreSQL 중지 완료
[2025-09-08 02:20:56] [INFO] 명령 실행: ./mini-area-manager.sh stop-db
[2025-09-08 02:21:04] [INFO] PostgreSQL 시작 중...
[2025-09-08 02:21:08] [SUCCESS] PostgreSQL 시작 완료
[2025-09-08 02:21:08] [INFO] 명령 실행: ./mini-area-manager.sh start-db
[2025-09-08 02:22:49] [INFO] React 클라이언트 중지 중...
[2025-09-08 02:22:49] [SUCCESS] 클라이언트 중지 완료
[2025-09-08 02:22:49] [INFO] Node.js 서버 중지 중...
[2025-09-08 02:22:51] [SUCCESS] 서버 중지 완료
[2025-09-08 02:22:51] [INFO] Janus Gateway 중지 중...
[2025-09-08 02:22:52] [SUCCESS] Janus Gateway 중지 완료
[2025-09-08 02:22:52] [INFO] Redis 중지 중...
[2025-09-08 02:22:52] [SUCCESS] Redis 중지 완료
[2025-09-08 02:22:52] [INFO] PostgreSQL 중지 중...
[2025-09-08 02:22:52] [SUCCESS] PostgreSQL 중지 완료
[2025-09-08 02:22:52] [SUCCESS] 모든 서비스가 중지되었습니다
[2025-09-08 02:22:55] [INFO] PostgreSQL 시작 중...
[2025-09-08 02:23:00] [SUCCESS] PostgreSQL 시작 완료
[2025-09-08 02:23:00] [INFO] Redis 시작 중...
[2025-09-08 02:23:01] [SUCCESS] Redis 시작 완료
[2025-09-08 02:23:01] [INFO] Janus Gateway 시작 중...
[2025-09-08 02:23:04] [SUCCESS] Janus Gateway 시작 완료
[2025-09-08 02:23:04] [INFO] Janus WebSocket: ws://192.168.200.106:8188
[2025-09-08 02:23:04] [INFO] Node.js 서버 시작 중...
[2025-09-08 02:23:07] [SUCCESS] 서버 시작 완료 (PID: 60480)
[2025-09-08 02:23:07] [INFO] 서버 URL: https://localhost:7000
[2025-09-08 02:23:07] [INFO] React 클라이언트 시작 중...
[2025-09-08 02:23:12] [SUCCESS] 클라이언트 시작 완료 (PID: 60688)
[2025-09-08 02:23:12] [INFO] 클라이언트 URL: https://localhost:5173
[2025-09-08 02:23:12] [INFO] 명령 실행: ./mini-area-manager.sh restart
[2025-09-08 02:32:00] [INFO] PostgreSQL 시작 중...
[2025-09-08 02:32:03] [ERROR] PostgreSQL 시작 실패
[2025-09-08 02:32:05] [INFO] PostgreSQL 시작 중...
[2025-09-08 02:32:07] [ERROR] PostgreSQL 시작 실패
[2025-09-08 02:32:13] [INFO] PostgreSQL 시작 중...
[2025-09-08 02:32:13] [SUCCESS] PostgreSQL이 이미 실행 중입니다
[2025-09-08 02:32:13] [INFO] 명령 실행: ./mini-area-manager.sh start-db
[2025-09-08 02:32:20] [INFO] PostgreSQL 시작 중...
[2025-09-08 02:32:20] [SUCCESS] PostgreSQL이 이미 실행 중입니다
[2025-09-08 02:32:20] [INFO] Redis 시작 중...
[2025-09-08 02:32:20] [SUCCESS] Redis가 이미 실행 중입니다
[2025-09-08 02:32:20] [INFO] Janus Gateway 시작 중...
[2025-09-08 02:32:20] [SUCCESS] Janus Gateway가 이미 실행 중입니다
[2025-09-08 02:32:20] [INFO] Node.js 서버 시작 중...
[2025-09-08 02:32:23] [SUCCESS] 서버 시작 완료 (PID: 18482)
[2025-09-08 02:32:23] [INFO] 서버 URL: https://localhost:7000
[2025-09-08 02:32:23] [INFO] React 클라이언트 시작 중...
[2025-09-08 02:32:29] [SUCCESS] 클라이언트 시작 완료 (PID: 18543)
[2025-09-08 02:32:29] [INFO] 클라이언트 URL: https://localhost:5173
[2025-09-08 02:32:29] [INFO] 명령 실행: ./mini-area-manager.sh start
[2025-09-08 02:34:19] [INFO] PostgreSQL 시작 중...
[2025-09-08 02:34:21] [ERROR] PostgreSQL 시작 실패
